<?xml version="1.0" encoding="utf-8"?>
<TestRun id="0b21ce4a-5ac7-4b4e-9b1c-12d7f75a4cd0" name="brent@COLOSSUS 2026-03-30 20:21:11" runUser="COLOSSUS\brent" xmlns="http://microsoft.com/schemas/VisualStudio/TeamTest/2010">
  <Times creation="2026-03-30T20:21:11.8304818-07:00" queuing="2026-03-30T20:21:11.8304821-07:00" start="2026-03-30T20:21:09.8423864-07:00" finish="2026-03-30T20:21:14.3975295-07:00" />
  <TestSettings name="default" id="8026154c-a873-40d7-aea2-dd8bd77c14f7">
    <Deployment runDeploymentRoot="brent_COLOSSUS_2026-03-30_20_21_11" />
  </TestSettings>
  <Results>
    <UnitTestResult executionId="9e5973b2-ffbc-4d06-9856-dc3da56b20cd" testId="a5904f92-1670-7631-2895-77dca34e1b38" testName="CobolSharp.Tests.Integration.FileIOTests.FileIO_WriteAdvancingPage" computerName="COLOSSUS" duration="00:00:00.0682045" startTime="2026-03-30T20:21:12.1170713-07:00" endTime="2026-03-30T20:21:12.1170715-07:00" testType="13cdc9d9-ddb5-4fa4-a97d-d965ccfc6d4b" outcome="Passed" testListId="8c84fa94-04c1-424b-9868-57a2d4851a1d" relativeResultsDirectory="9e5973b2-ffbc-4d06-9856-dc3da56b20cd" />
    <UnitTestResult executionId="cab5beea-a078-47c1-afe2-f1f1b92f33e9" testId="77d49fc3-5918-6f40-8bae-99638029d9c0" testName="CobolSharp.Tests.Integration.StringTests.Unstring_OnOverflow" computerName="COLOSSUS" duration="00:00:00.1008941" startTime="2026-03-30T20:21:11.9455405-07:00" endTime="2026-03-30T20:21:11.9455409-07:00" testType="13cdc9d9-ddb5-4fa4-a97d-d965ccfc6d4b" outcome="Passed" testListId="8c84fa94-04c1-424b-9868-57a2d4851a1d" relativeResultsDirectory="cab5beea-a078-47c1-afe2-f1f1b92f33e9" />
    <UnitTestResult executionId="40c4563d-9f0f-44a6-a58a-8096632194a2" testId="a6f47b56-ebba-c616-3b3c-126ee4ecf995" testName="CobolSharp.Tests.Integration.IrExpressionPipelineTests.Function_InComputeExpression" computerName="COLOSSUS" duration="00:00:00.0606354" startTime="2026-03-30T20:21:12.2502735-07:00" endTime="2026-03-30T20:21:12.2502738-07:00" testType="13cdc9d9-ddb5-4fa4-a97d-d965ccfc6d4b" outcome="Passed" testListId="8c84fa94-04c1-424b-9868-57a2d4851a1d" relativeResultsDirectory="40c4563d-9f0f-44a6-a58a-8096632194a2" />
    <UnitTestResult executionId="3e5cdb19-fa28-4682-944c-f3961bb8e5c9" testId="ac4190b7-5473-de96-03f3-89218051d023" testName="CobolSharp.Tests.Integration.MiscTests.HelloWorld_PrintsCorrectOutput" computerName="COLOSSUS" duration="00:00:00.0480651" startTime="2026-03-30T20:21:12.3142467-07:00" endTime="2026-03-30T20:21:12.3142468-07:00" testType="13cdc9d9-ddb5-4fa4-a97d-d965ccfc6d4b" outcome="Passed" testListId="8c84fa94-04c1-424b-9868-57a2d4851a1d" relativeResultsDirectory="3e5cdb19-fa28-4682-944c-f3961bb8e5c9" />
    <UnitTestResult executionId="d7df8ddb-b416-4654-8110-d0d068f50512" testId="75fc1523-b0ca-4fc6-7a09-16f6d2991fde" testName="CobolSharp.Tests.Integration.IrExpressionPipelineTests.PerformVarying_SumLoop" computerName="COLOSSUS" duration="00:00:00.0827528" startTime="2026-03-30T20:21:11.9821053-07:00" endTime="2026-03-30T20:21:11.9821057-07:00" testType="13cdc9d9-ddb5-4fa4-a97d-d965ccfc6d4b" outcome="Passed" testListId="8c84fa94-04c1-424b-9868-57a2d4851a1d" relativeResultsDirectory="d7df8ddb-b416-4654-8110-d0d068f50512" />
    <UnitTestResult executionId="c446353d-35ca-489f-975b-4af4f99f39c5" testId="22883b59-bb07-0bd5-3301-c5dc31c24c0d" testName="CobolSharp.Tests.Integration.SubscriptRefModTests.Search_2D_OuterIndexFromPerform" computerName="COLOSSUS" duration="00:00:00.0697123" startTime="2026-03-30T20:21:12.1940873-07:00" endTime="2026-03-30T20:21:12.1940875-07:00" testType="13cdc9d9-ddb5-4fa4-a97d-d965ccfc6d4b" outcome="Passed" testListId="8c84fa94-04c1-424b-9868-57a2d4851a1d" relativeResultsDirectory="c446353d-35ca-489f-975b-4af4f99f39c5" />
    <UnitTestResult executionId="04479c49-6812-4cb8-a024-466302ab7225" testId="defe6cfc-8d77-3bd8-609a-a1fdc2c47379" testName="CobolSharp.Tests.Integration.P0BugFixTests.UserDefinedClass_CompilesAndRuns" computerName="COLOSSUS" duration="00:00:00.0564572" startTime="2026-03-30T20:21:12.2352169-07:00" endTime="2026-03-30T20:21:12.2352171-07:00" testType="13cdc9d9-ddb5-4fa4-a97d-d965ccfc6d4b" outcome="Passed" testListId="8c84fa94-04c1-424b-9868-57a2d4851a1d" relativeResultsDirectory="04479c49-6812-4cb8-a024-466302ab7225" />
    <UnitTestResult executionId="dbbdff72-fcf3-4387-af0f-3c319d722f42" testId="9633528a-213c-2362-b10e-a33b05e04855" testName="CobolSharp.Tests.Integration.CallTests.Call_SimpleSubprogram_DisplaysFromCallee" computerName="COLOSSUS" duration="00:00:00.0734812" startTime="2026-03-30T20:21:12.4435029-07:00" endTime="2026-03-30T20:21:12.4435030-07:00" testType="13cdc9d9-ddb5-4fa4-a97d-d965ccfc6d4b" outcome="Passed" testListId="8c84fa94-04c1-424b-9868-57a2d4851a1d" relativeResultsDirectory="dbbdff72-fcf3-4387-af0f-3c319d722f42" />
    <UnitTestResult executionId="8e13e26b-4e74-4c57-84e9-6c653f9a0cf4" testId="3582de63-b9b4-5bba-bc13-16d308759e05" testName="CobolSharp.Tests.Integration.MiscTests.FixedForm_CompilesCorrectly" computerName="COLOSSUS" duration="00:00:00.0546801" startTime="2026-03-30T20:21:12.4956080-07:00" endTime="2026-03-30T20:21:12.4956083-07:00" testType="13cdc9d9-ddb5-4fa4-a97d-d965ccfc6d4b" outcome="Passed" testListId="8c84fa94-04c1-424b-9868-57a2d4851a1d" relativeResultsDirectory="8e13e26b-4e74-4c57-84e9-6c653f9a0cf4" />
    <UnitTestResult executionId="0c7eb134-801e-4d58-b4ec-032812d5c59a" testId="a0acdcb1-2099-9501-dd42-29de57257ffd" testName="CobolSharp.Tests.Integration.SubscriptRefModTests.Nist_NC247A_OccursDependingOn" computerName="COLOSSUS" duration="00:00:00.2322683" startTime="2026-03-30T20:21:14.1558814-07:00" endTime="2026-03-30T20:21:14.1558819-07:00" testType="13cdc9d9-ddb5-4fa4-a97d-d965ccfc6d4b" outcome="Passed" testListId="8c84fa94-04c1-424b-9868-57a2d4851a1d" relativeResultsDirectory="0c7eb134-801e-4d58-b4ec-032812d5c59a" />
    <UnitTestResult executionId="812b4f35-af6a-4c5e-9cb5-b7d9ff2872c7" testId="0c562172-3d68-37c8-b72f-6a035716f00c" testName="CobolSharp.Tests.Integration.IntrinsicFunctionTests.Function_Sqrt_InCompute" computerName="COLOSSUS" duration="00:00:00.0924644" startTime="2026-03-30T20:21:12.0152023-07:00" endTime="2026-03-30T20:21:12.0152024-07:00" testType="13cdc9d9-ddb5-4fa4-a97d-d965ccfc6d4b" outcome="Passed" testListId="8c84fa94-04c1-424b-9868-57a2d4851a1d" relativeResultsDirectory="812b4f35-af6a-4c5e-9cb5-b7d9ff2872c7" />
    <UnitTestResult executionId="1904abc9-304e-47fa-8690-426a16cabccf" testId="b521d482-04ac-e7ec-cfc1-3db34c77a7e7" testName="CobolSharp.Tests.Integration.CallTests.NistIC225A_BatchCompilation_InitialProgram" computerName="COLOSSUS" duration="00:00:00.3070001" startTime="2026-03-30T20:21:12.3012964-07:00" endTime="2026-03-30T20:21:12.3012965-07:00" testType="13cdc9d9-ddb5-4fa4-a97d-d965ccfc6d4b" outcome="Passed" testListId="8c84fa94-04c1-424b-9868-57a2d4851a1d" relativeResultsDirectory="1904abc9-304e-47fa-8690-426a16cabccf" />
    <UnitTestResult executionId="846d3bd8-3661-4dee-9a9a-d07bdfc2bf0d" testId="77c03d69-75b6-b3e5-b973-a6fe713a7fd7" testName="CobolSharp.Tests.Integration.IrExpressionPipelineTests.Compute_NestedArithmetic_ProducesCorrectResult" computerName="COLOSSUS" duration="00:00:00.0580894" startTime="2026-03-30T20:21:12.3084237-07:00" endTime="2026-03-30T20:21:12.3084238-07:00" testType="13cdc9d9-ddb5-4fa4-a97d-d965ccfc6d4b" outcome="Passed" testListId="8c84fa94-04c1-424b-9868-57a2d4851a1d" relativeResultsDirectory="846d3bd8-3661-4dee-9a9a-d07bdfc2bf0d" />
    <UnitTestResult executionId="95b2ed9d-9cf2-4e7c-9fde-c3a8dc2d9467" testId="1e8c8ed7-a9e6-52fd-bbaf-f3867fea4799" testName="CobolSharp.Tests.Integration.IrExpressionPipelineTests.MultiplyGiving_UsesIrBinaryExpr" computerName="COLOSSUS" duration="00:00:00.0571135" startTime="2026-03-30T20:21:12.6108232-07:00" endTime="2026-03-30T20:21:12.6108235-07:00" testType="13cdc9d9-ddb5-4fa4-a97d-d965ccfc6d4b" outcome="Passed" testListId="8c84fa94-04c1-424b-9868-57a2d4851a1d" relativeResultsDirectory="95b2ed9d-9cf2-4e7c-9fde-c3a8dc2d9467" />
    <UnitTestResult executionId="3f996af7-82e9-4443-b826-e35d6726ee0d" testId="76b11c30-ec40-a5d8-1a3e-d6cf8a62349e" testName="CobolSharp.Tests.Integration.IntrinsicFunctionTests.Function_Abs_NegativeValue" computerName="COLOSSUS" duration="00:00:00.0727221" startTime="2026-03-30T20:21:11.9226579-07:00" endTime="2026-03-30T20:21:11.9226582-07:00" testType="13cdc9d9-ddb5-4fa4-a97d-d965ccfc6d4b" outcome="Passed" testListId="8c84fa94-04c1-424b-9868-57a2d4851a1d" relativeResultsDirectory="3f996af7-82e9-4443-b826-e35d6726ee0d" />
    <UnitTestResult executionId="3b55fdad-cc78-447d-8223-c224923cc032" testId="0883b828-1957-70f1-be77-3ff21062718c" testName="CobolSharp.Tests.Integration.ControlFlowTests.Evaluate_MultiSubjectAlsoWithRanges" computerName="COLOSSUS" duration="00:00:00.0432803" startTime="2026-03-30T20:21:13.9320025-07:00" endTime="2026-03-30T20:21:13.9320029-07:00" testType="13cdc9d9-ddb5-4fa4-a97d-d965ccfc6d4b" outcome="Passed" testListId="8c84fa94-04c1-424b-9868-57a2d4851a1d" relativeResultsDirectory="3b55fdad-cc78-447d-8223-c224923cc032" />
    <UnitTestResult executionId="26d807ad-08ab-4072-b78b-abb0ebfc96fd" testId="d8f488b6-983c-8593-0327-961fb59c2a31" testName="CobolSharp.Tests.Integration.ControlFlowTests.PerformVarying_SumOneToFive" computerName="COLOSSUS" duration="00:00:00.0518206" startTime="2026-03-30T20:21:12.6692569-07:00" endTime="2026-03-30T20:21:12.6692573-07:00" testType="13cdc9d9-ddb5-4fa4-a97d-d965ccfc6d4b" outcome="Passed" testListId="8c84fa94-04c1-424b-9868-57a2d4851a1d" relativeResultsDirectory="26d807ad-08ab-4072-b78b-abb0ebfc96fd" />
    <UnitTestResult executionId="272a1d90-9388-4971-8930-91d989c79224" testId="0f28ab1a-56e5-6766-86df-b2af5786d81a" testName="CobolSharp.Tests.Integration.SubscriptRefModTests.SearchAll_LastElement" computerName="COLOSSUS" duration="00:00:00.0588003" startTime="2026-03-30T20:21:12.8748730-07:00" endTime="2026-03-30T20:21:12.8748732-07:00" testType="13cdc9d9-ddb5-4fa4-a97d-d965ccfc6d4b" outcome="Passed" testListId="8c84fa94-04c1-424b-9868-57a2d4851a1d" relativeResultsDirectory="272a1d90-9388-4971-8930-91d989c79224" />
    <UnitTestResult executionId="f4b58e5d-5d33-41f0-91a8-87043f5dfd70" testId="3feb2dd8-d9be-ae86-a5b2-3058509f422d" testName="CobolSharp.Tests.Integration.MiscTests.AcceptFromDate_GetsCurrentDate" computerName="COLOSSUS" duration="00:00:00.0828359" startTime="2026-03-30T20:21:11.9355264-07:00" endTime="2026-03-30T20:21:11.9355265-07:00" testType="13cdc9d9-ddb5-4fa4-a97d-d965ccfc6d4b" outcome="Passed" testListId="8c84fa94-04c1-424b-9868-57a2d4851a1d" relativeResultsDirectory="f4b58e5d-5d33-41f0-91a8-87043f5dfd70" />
    <UnitTestResult executionId="cd8ebd7c-67d5-4f8e-8bff-98242b9a218b" testId="6789d5e6-7e38-44c0-26f4-f30dd7c07784" testName="CobolSharp.Tests.Integration.IntrinsicFunctionTests.Function_Pi_NoArgs" computerName="COLOSSUS" duration="00:00:00.0461007" startTime="2026-03-30T20:21:13.3438919-07:00" endTime="2026-03-30T20:21:13.3438923-07:00" testType="13cdc9d9-ddb5-4fa4-a97d-d965ccfc6d4b" outcome="Passed" testListId="8c84fa94-04c1-424b-9868-57a2d4851a1d" relativeResultsDirectory="cd8ebd7c-67d5-4f8e-8bff-98242b9a218b" />
    <UnitTestResult executionId="089a7f1f-51e7-4303-a8bf-08d56aa2bda6" testId="8489682e-f6e4-e422-3c4b-ba207d97a766" testName="CobolSharp.Tests.Integration.ControlFlowTests.PerformVaryingInlineTestAfter_DisplaysOneToSix" computerName="COLOSSUS" duration="00:00:00.0446345" startTime="2026-03-30T20:21:14.2337140-07:00" endTime="2026-03-30T20:21:14.2337145-07:00" testType="13cdc9d9-ddb5-4fa4-a97d-d965ccfc6d4b" outcome="Passed" testListId="8c84fa94-04c1-424b-9868-57a2d4851a1d" relativeResultsDirectory="089a7f1f-51e7-4303-a8bf-08d56aa2bda6" />
    <UnitTestResult executionId="067a0cd8-7396-4bae-adcf-aafebd9da375" testId="3d2b682c-799c-1adb-ded1-ac7797dbcc9a" testName="CobolSharp.Tests.Integration.IntrinsicFunctionTests.Function_IntegerOfDate_KnownDate" computerName="COLOSSUS" duration="00:00:00.0614781" startTime="2026-03-30T20:21:12.7242197-07:00" endTime="2026-03-30T20:21:12.7242200-07:00" testType="13cdc9d9-ddb5-4fa4-a97d-d965ccfc6d4b" outcome="Passed" testListId="8c84fa94-04c1-424b-9868-57a2d4851a1d" relativeResultsDirectory="067a0cd8-7396-4bae-adcf-aafebd9da375" />
    <UnitTestResult executionId="f5f16f0a-e62b-4f3b-ae28-64ca96d7c3c1" testId="87ba8fb7-c8bf-97e5-d1b3-6e8bfa68f9d1" testName="CobolSharp.Tests.Integration.StringTests.String_DelimitedByLiteral" computerName="COLOSSUS" duration="00:00:00.0524308" startTime="2026-03-30T20:21:12.3845661-07:00" endTime="2026-03-30T20:21:12.3845663-07:00" testType="13cdc9d9-ddb5-4fa4-a97d-d965ccfc6d4b" outcome="Passed" testListId="8c84fa94-04c1-424b-9868-57a2d4851a1d" relativeResultsDirectory="f5f16f0a-e62b-4f3b-ae28-64ca96d7c3c1" />
    <UnitTestResult executionId="29261a1a-70de-4f0c-b763-fafb4a80070f" testId="9b22763b-75ea-89ac-81f7-e8005c794f5c" testName="CobolSharp.Tests.Integration.ControlFlowTests.PerformVaryingAfter_OuterDependsOnInner" computerName="COLOSSUS" duration="00:00:00.0454834" startTime="2026-03-30T20:21:13.0701513-07:00" endTime="2026-03-30T20:21:13.0701514-07:00" testType="13cdc9d9-ddb5-4fa4-a97d-d965ccfc6d4b" outcome="Passed" testListId="8c84fa94-04c1-424b-9868-57a2d4851a1d" relativeResultsDirectory="29261a1a-70de-4f0c-b763-fafb4a80070f" />
    <UnitTestResult executionId="4fe9b60a-aa19-417e-b0d0-f39161079370" testId="ec05caa8-c6b9-79fa-4db3-ae0d2e773123" testName="CobolSharp.Tests.Integration.DataTests.FigurativeConstants_HighValueLowValueZeros" computerName="COLOSSUS" duration="00:00:00.0442639" startTime="2026-03-30T20:21:13.8244023-07:00" endTime="2026-03-30T20:21:13.8244028-07:00" testType="13cdc9d9-ddb5-4fa4-a97d-d965ccfc6d4b" outcome="Passed" testListId="8c84fa94-04c1-424b-9868-57a2d4851a1d" relativeResultsDirectory="4fe9b60a-aa19-417e-b0d0-f39161079370" />
    <UnitTestResult executionId="608edd0d-0f22-40c8-bc11-a711e40bcb80" testId="e2bd019c-ee53-c85f-efae-5666c338454d" testName="CobolSharp.Tests.Integration.CallTests.CallStatement_UnresolvedProgram_OnException" computerName="COLOSSUS" duration="00:00:00.0655570" startTime="2026-03-30T20:21:12.5842511-07:00" endTime="2026-03-30T20:21:12.5842514-07:00" testType="13cdc9d9-ddb5-4fa4-a97d-d965ccfc6d4b" outcome="Passed" testListId="8c84fa94-04c1-424b-9868-57a2d4851a1d" relativeResultsDirectory="608edd0d-0f22-40c8-bc11-a711e40bcb80" />
    <UnitTestResult executionId="a77bd198-d9b4-4894-a618-bb3b16e6a317" testId="b287ac7f-d3bb-72ae-b704-65732895b63c" testName="CobolSharp.Tests.Integration.ArithmeticTests.Subtract_FromLiteral_GivingIdentifier" computerName="COLOSSUS" duration="00:00:00.0446777" startTime="2026-03-30T20:21:12.8537242-07:00" endTime="2026-03-30T20:21:12.8537243-07:00" testType="13cdc9d9-ddb5-4fa4-a97d-d965ccfc6d4b" outcome="Passed" testListId="8c84fa94-04c1-424b-9868-57a2d4851a1d" relativeResultsDirectory="a77bd198-d9b4-4894-a618-bb3b16e6a317" />
    <UnitTestResult executionId="ef472553-8a33-4281-809f-08857a63c2c3" testId="1ecf6dac-88f7-b073-23e6-82f0c8899fcb" testName="CobolSharp.Tests.Integration.ArithmeticTests.Divide_AllForms" computerName="COLOSSUS" duration="00:00:00.0598987" startTime="2026-03-30T20:21:12.5417843-07:00" endTime="2026-03-30T20:21:12.5417845-07:00" testType="13cdc9d9-ddb5-4fa4-a97d-d965ccfc6d4b" outcome="Passed" testListId="8c84fa94-04c1-424b-9868-57a2d4851a1d" relativeResultsDirectory="ef472553-8a33-4281-809f-08857a63c2c3" />
    <UnitTestResult executionId="d3997767-2f3a-4b43-a177-4e946bb6ae6f" testId="7fcc12bf-63f1-7705-0dbd-fef290a221b5" testName="CobolSharp.Tests.Integration.SubscriptRefModTests.Subscript_3D_ConstantSubscripts" computerName="COLOSSUS" duration="00:00:00.0574397" startTime="2026-03-30T20:21:12.2516165-07:00" endTime="2026-03-30T20:21:12.2516166-07:00" testType="13cdc9d9-ddb5-4fa4-a97d-d965ccfc6d4b" outcome="Passed" testListId="8c84fa94-04c1-424b-9868-57a2d4851a1d" relativeResultsDirectory="d3997767-2f3a-4b43-a177-4e946bb6ae6f" />
    <UnitTestResult executionId="e1685873-0eaf-471a-8865-38075360f6f2" testId="a8a7df83-20c2-26b9-cd2e-f43769d784e1" testName="CobolSharp.Tests.Integration.DataTests.Initialize_GroupWithMixedChildren" computerName="COLOSSUS" duration="00:00:00.0701875" startTime="2026-03-30T20:21:12.4119336-07:00" endTime="2026-03-30T20:21:12.4119338-07:00" testType="13cdc9d9-ddb5-4fa4-a97d-d965ccfc6d4b" outcome="Passed" testListId="8c84fa94-04c1-424b-9868-57a2d4851a1d" relativeResultsDirectory="e1685873-0eaf-471a-8865-38075360f6f2" />
    <UnitTestResult executionId="9d7c0101-6559-4d4e-9655-77a6bc286a93" testId="8f5f22d7-703f-1b44-8665-a276d00bd93e" testName="CobolSharp.Tests.Integration.SubscriptRefModTests.Subscript_Comp3Array" computerName="COLOSSUS" duration="00:00:00.0427681" startTime="2026-03-30T20:21:13.5944774-07:00" endTime="2026-03-30T20:21:13.5944775-07:00" testType="13cdc9d9-ddb5-4fa4-a97d-d965ccfc6d4b" outcome="Passed" testListId="8c84fa94-04c1-424b-9868-57a2d4851a1d" relativeResultsDirectory="9d7c0101-6559-4d4e-9655-77a6bc286a93" />
    <UnitTestResult executionId="9c53678c-327f-4e1c-a0df-80bfa6c07d40" testId="d95262b0-27ec-bef1-f253-0bfebbd8db10" testName="CobolSharp.Tests.Integration.DataTests.OccursValue_FlatAlphanumeric" computerName="COLOSSUS" duration="00:00:00.0555101" startTime="2026-03-30T20:21:12.7132868-07:00" endTime="2026-03-30T20:21:12.7132869-07:00" testType="13cdc9d9-ddb5-4fa4-a97d-d965ccfc6d4b" outcome="Passed" testListId="8c84fa94-04c1-424b-9868-57a2d4851a1d" relativeResultsDirectory="9c53678c-327f-4e1c-a0df-80bfa6c07d40" />
    <UnitTestResult executionId="8bc69ab7-cc94-47a6-9734-27b8f7707bc9" testId="7782ffcf-2f8f-0518-b765-12936087c689" testName="CobolSharp.Tests.Integration.DataTests.Synchronized_AlignsCompFieldToWordBoundary" computerName="COLOSSUS" duration="00:00:00.0691953" startTime="2026-03-30T20:21:11.9506554-07:00" endTime="2026-03-30T20:21:11.9506556-07:00" testType="13cdc9d9-ddb5-4fa4-a97d-d965ccfc6d4b" outcome="Passed" testListId="8c84fa94-04c1-424b-9868-57a2d4851a1d" relativeResultsDirectory="8bc69ab7-cc94-47a6-9734-27b8f7707bc9" />
    <UnitTestResult executionId="3ddd4105-0668-43ce-808b-0a24e8fedcfd" testId="63008378-50b3-9a90-e622-582d7068359e" testName="CobolSharp.Tests.Integration.CallTests.Call_OnException_UnresolvableProgram" computerName="COLOSSUS" duration="00:00:00.0684910" startTime="2026-03-30T20:21:12.3699001-07:00" endTime="2026-03-30T20:21:12.3699003-07:00" testType="13cdc9d9-ddb5-4fa4-a97d-d965ccfc6d4b" outcome="Passed" testListId="8c84fa94-04c1-424b-9868-57a2d4851a1d" relativeResultsDirectory="3ddd4105-0668-43ce-808b-0a24e8fedcfd" />
    <UnitTestResult executionId="9529a2b1-8648-4d17-aa79-9b4aacf6fe3a" testId="e06cc7c4-ea77-23ca-f9e2-696367aa013e" testName="CobolSharp.Tests.Integration.FileIOTests.FileIO_FileStatus_00And10" computerName="COLOSSUS" duration="00:00:00.0488666" startTime="2026-03-30T20:21:12.8346491-07:00" endTime="2026-03-30T20:21:12.8346494-07:00" testType="13cdc9d9-ddb5-4fa4-a97d-d965ccfc6d4b" outcome="Passed" testListId="8c84fa94-04c1-424b-9868-57a2d4851a1d" relativeResultsDirectory="9529a2b1-8648-4d17-aa79-9b4aacf6fe3a" />
    <UnitTestResult executionId="dd4e119c-63b9-409f-bf3e-4762e6aeba95" testId="402d9af7-d15d-2924-bb74-009746671b56" testName="CobolSharp.Tests.Integration.SubscriptRefModTests.Search_MultiFieldWhen" computerName="COLOSSUS" duration="00:00:00.0560140" startTime="2026-03-30T20:21:12.6439631-07:00" endTime="2026-03-30T20:21:12.6439635-07:00" testType="13cdc9d9-ddb5-4fa4-a97d-d965ccfc6d4b" outcome="Passed" testListId="8c84fa94-04c1-424b-9868-57a2d4851a1d" relativeResultsDirectory="dd4e119c-63b9-409f-bf3e-4762e6aeba95" />
    <UnitTestResult executionId="a3dae892-bb19-48f1-9025-ed7e39ae0cd5" testId="b1d33819-f74a-d07e-f4a7-419a6193fcda" testName="CobolSharp.Tests.Integration.P0BugFixTests.NumericEditedToNumericEdited_PreservesValue" computerName="COLOSSUS" duration="00:00:00.6693637" startTime="2026-03-30T20:21:11.8179287-07:00" endTime="2026-03-30T20:21:11.8179287-07:00" testType="13cdc9d9-ddb5-4fa4-a97d-d965ccfc6d4b" outcome="Passed" testListId="8c84fa94-04c1-424b-9868-57a2d4851a1d" relativeResultsDirectory="a3dae892-bb19-48f1-9025-ed7e39ae0cd5" />
    <UnitTestResult executionId="14bb7db1-976f-43f8-9147-7b9e042319aa" testId="da39821c-2214-6369-f9e7-1fd5b3512e65" testName="CobolSharp.Tests.Integration.DataTests.DecimalPointIsComma_NumericLiteral" computerName="COLOSSUS" duration="00:00:00.0442586" startTime="2026-03-30T20:21:13.8687457-07:00" endTime="2026-03-30T20:21:13.8687462-07:00" testType="13cdc9d9-ddb5-4fa4-a97d-d965ccfc6d4b" outcome="Passed" testListId="8c84fa94-04c1-424b-9868-57a2d4851a1d" relativeResultsDirectory="14bb7db1-976f-43f8-9147-7b9e042319aa" />
    <UnitTestResult executionId="4021b045-2b05-4552-a44e-4b8649ff0594" testId="425a18fa-4a2e-7165-5603-0892c63464e1" testName="CobolSharp.Tests.Integration.SubscriptRefModTests.Subscript_VariableSubscript_MoveAndDisplay" computerName="COLOSSUS" duration="00:00:00.0427849" startTime="2026-03-30T20:21:13.8789812-07:00" endTime="2026-03-30T20:21:13.8789817-07:00" testType="13cdc9d9-ddb5-4fa4-a97d-d965ccfc6d4b" outcome="Passed" testListId="8c84fa94-04c1-424b-9868-57a2d4851a1d" relativeResultsDirectory="4021b045-2b05-4552-a44e-4b8649ff0594" />
    <UnitTestResult executionId="845663ed-6ca2-41d3-ab9b-453651b1c83a" testId="f30816f3-87b4-7dba-7a4c-6a7d782094be" testName="CobolSharp.Tests.Integration.MiscTests.AcceptFromTime_8Digit" computerName="COLOSSUS" duration="00:00:00.0647244" startTime="2026-03-30T20:21:12.4407726-07:00" endTime="2026-03-30T20:21:12.4407728-07:00" testType="13cdc9d9-ddb5-4fa4-a97d-d965ccfc6d4b" outcome="Passed" testListId="8c84fa94-04c1-424b-9868-57a2d4851a1d" relativeResultsDirectory="845663ed-6ca2-41d3-ab9b-453651b1c83a" />
    <UnitTestResult executionId="21a93f41-8a50-44ce-bd3f-0d0f45722f65" testId="76f3b39b-e55f-1d1a-20d0-6e4a6c6598fd" testName="CobolSharp.Tests.Integration.StringTests.String_ConcatenatesLiterals" computerName="COLOSSUS" duration="00:00:00.0822276" startTime="2026-03-30T20:21:12.0278319-07:00" endTime="2026-03-30T20:21:12.0278321-07:00" testType="13cdc9d9-ddb5-4fa4-a97d-d965ccfc6d4b" outcome="Passed" testListId="8c84fa94-04c1-424b-9868-57a2d4851a1d" relativeResultsDirectory="21a93f41-8a50-44ce-bd3f-0d0f45722f65" />
    <UnitTestResult executionId="c35c267f-a5ce-4580-a1ff-d4e6e75d0e37" testId="8f0c0637-7824-eed9-a63b-acfdd8c5a4ca" testName="CobolSharp.Tests.Integration.IrExpressionPipelineTests.PerformTimes_LiteralCount" computerName="COLOSSUS" duration="00:00:00.0656146" startTime="2026-03-30T20:21:11.8992605-07:00" endTime="2026-03-30T20:21:11.8992610-07:00" testType="13cdc9d9-ddb5-4fa4-a97d-d965ccfc6d4b" outcome="Passed" testListId="8c84fa94-04c1-424b-9868-57a2d4851a1d" relativeResultsDirectory="c35c267f-a5ce-4580-a1ff-d4e6e75d0e37" />
    <UnitTestResult executionId="b8c44bf0-1e9b-4bff-923d-2c3f6f115767" testId="ca5367a4-167f-2241-46bc-7f8d8736ecc8" testName="CobolSharp.Tests.Integration.IntrinsicFunctionTests.Function_Mod_FloorBased" computerName="COLOSSUS" duration="00:00:00.7024407" startTime="2026-03-30T20:21:11.8504922-07:00" endTime="2026-03-30T20:21:11.8504922-07:00" testType="13cdc9d9-ddb5-4fa4-a97d-d965ccfc6d4b" outcome="Passed" testListId="8c84fa94-04c1-424b-9868-57a2d4851a1d" relativeResultsDirectory="b8c44bf0-1e9b-4bff-923d-2c3f6f115767" />
    <UnitTestResult executionId="e2258e95-d536-4642-b96f-5cc00b4fd900" testId="dfb3a4f2-69f5-70d5-7ccf-084e2a6bee28" testName="CobolSharp.Tests.Integration.ArithmeticTests.AddToField_UpdatesValue" computerName="COLOSSUS" duration="00:00:00.0476035" startTime="2026-03-30T20:21:12.9521803-07:00" endTime="2026-03-30T20:21:12.9521804-07:00" testType="13cdc9d9-ddb5-4fa4-a97d-d965ccfc6d4b" outcome="Passed" testListId="8c84fa94-04c1-424b-9868-57a2d4851a1d" relativeResultsDirectory="e2258e95-d536-4642-b96f-5cc00b4fd900" />
    <UnitTestResult executionId="aabb10c7-2787-4fdf-b3b9-f5df9481cd71" testId="96ab2448-f819-68d3-1efc-08229b822974" testName="CobolSharp.Tests.Integration.MiscTests.GobackStatement_ExitsProgram" computerName="COLOSSUS" duration="00:00:00.0615455" startTime="2026-03-30T20:21:12.3759411-07:00" endTime="2026-03-30T20:21:12.3759414-07:00" testType="13cdc9d9-ddb5-4fa4-a97d-d965ccfc6d4b" outcome="Passed" testListId="8c84fa94-04c1-424b-9868-57a2d4851a1d" relativeResultsDirectory="aabb10c7-2787-4fdf-b3b9-f5df9481cd71" />
    <UnitTestResult executionId="ec905534-b3d6-4aab-a95e-771ea9b47c52" testId="05fab3ec-9e92-885b-14c3-365dd0a69f30" testName="CobolSharp.Tests.Integration.ControlFlowTests.EvaluateStatement_SelectsCorrectBranch" computerName="COLOSSUS" duration="00:00:00.0402319" startTime="2026-03-30T20:21:14.1443987-07:00" endTime="2026-03-30T20:21:14.1443991-07:00" testType="13cdc9d9-ddb5-4fa4-a97d-d965ccfc6d4b" outcome="Passed" testListId="8c84fa94-04c1-424b-9868-57a2d4851a1d" relativeResultsDirectory="ec905534-b3d6-4aab-a95e-771ea9b47c52" />
    <UnitTestResult executionId="04303284-afdd-4c93-96f2-1eadc4e12565" testId="66516938-a253-89e9-171e-5b9186806547" testName="CobolSharp.Tests.Integration.IrExpressionPipelineTests.SubtractGiving_UsesIrBinaryExpr" computerName="COLOSSUS" duration="00:00:00.0654260" startTime="2026-03-30T20:21:12.5535621-07:00" endTime="2026-03-30T20:21:12.5535625-07:00" testType="13cdc9d9-ddb5-4fa4-a97d-d965ccfc6d4b" outcome="Passed" testListId="8c84fa94-04c1-424b-9868-57a2d4851a1d" relativeResultsDirectory="04303284-afdd-4c93-96f2-1eadc4e12565" />
    <UnitTestResult executionId="cc168500-5456-4eca-9eaa-43316774103a" testId="d3669041-0196-37c2-bbcd-b1b8cb6ca4b5" testName="CobolSharp.Tests.Integration.DataTests.Comp2_DoubleArithmetic" computerName="COLOSSUS" duration="00:00:00.0489632" startTime="2026-03-30T20:21:12.7622875-07:00" endTime="2026-03-30T20:21:12.7622876-07:00" testType="13cdc9d9-ddb5-4fa4-a97d-d965ccfc6d4b" outcome="Passed" testListId="8c84fa94-04c1-424b-9868-57a2d4851a1d" relativeResultsDirectory="cc168500-5456-4eca-9eaa-43316774103a" />
    <UnitTestResult executionId="abf8178d-4985-4b8e-9ddf-199615753f7b" testId="def860f9-28da-38f0-bb2d-7a9f7fd8c4ab" testName="CobolSharp.Tests.Integration.FileIOTests.FileIO_Start_PositionsForReadNext" computerName="COLOSSUS" duration="00:00:00.0517962" startTime="2026-03-30T20:21:12.9899657-07:00" endTime="2026-03-30T20:21:12.9899658-07:00" testType="13cdc9d9-ddb5-4fa4-a97d-d965ccfc6d4b" outcome="Passed" testListId="8c84fa94-04c1-424b-9868-57a2d4851a1d" relativeResultsDirectory="abf8178d-4985-4b8e-9ddf-199615753f7b" />
    <UnitTestResult executionId="1364db96-3aa7-4c59-996d-50fa41eb3dc6" testId="d5e05b9b-12a3-9764-862e-0740c79a4f48" testName="CobolSharp.Tests.Integration.ControlFlowTests.GoToDepending_SelectsCorrectTarget" computerName="COLOSSUS" duration="00:00:00.0521848" startTime="2026-03-30T20:21:13.1224110-07:00" endTime="2026-03-30T20:21:13.1224114-07:00" testType="13cdc9d9-ddb5-4fa4-a97d-d965ccfc6d4b" outcome="Passed" testListId="8c84fa94-04c1-424b-9868-57a2d4851a1d" relativeResultsDirectory="1364db96-3aa7-4c59-996d-50fa41eb3dc6" />
    <UnitTestResult executionId="1ba8b970-c79c-46e8-837f-13ba24f9e41c" testId="9cc055a3-b4ab-6f7b-cdd5-7ea38fb932a9" testName="CobolSharp.Tests.Integration.SubscriptRefModTests.Subscript_ExpressionSubscript_Addition" computerName="COLOSSUS" duration="00:00:00.0549599" startTime="2026-03-30T20:21:12.7610692-07:00" endTime="2026-03-30T20:21:12.7610696-07:00" testType="13cdc9d9-ddb5-4fa4-a97d-d965ccfc6d4b" outcome="Passed" testListId="8c84fa94-04c1-424b-9868-57a2d4851a1d" relativeResultsDirectory="1ba8b970-c79c-46e8-837f-13ba24f9e41c" />
    <UnitTestResult executionId="d983edff-c1c8-48ab-b4ce-76d5f2becbd6" testId="b8807a2b-c290-41b4-9082-213526033f02" testName="CobolSharp.Tests.Integration.ConditionTests.AbbreviatedRelation_ExplicitNotRewritten" computerName="COLOSSUS" duration="00:00:00.0627514" startTime="2026-03-30T20:21:12.3013501-07:00" endTime="2026-03-30T20:21:12.3013501-07:00" testType="13cdc9d9-ddb5-4fa4-a97d-d965ccfc6d4b" outcome="Passed" testListId="8c84fa94-04c1-424b-9868-57a2d4851a1d" relativeResultsDirectory="d983edff-c1c8-48ab-b4ce-76d5f2becbd6" />
    <UnitTestResult executionId="eecd5c8f-0dc7-4e0d-a280-638610835591" testId="ee753184-75b9-8b3a-0999-039f5b881926" testName="CobolSharp.Tests.Integration.IntrinsicFunctionTests.Function_DateOfInteger_KnownDate" computerName="COLOSSUS" duration="00:00:00.0517283" startTime="2026-03-30T20:21:13.2977075-07:00" endTime="2026-03-30T20:21:13.2977080-07:00" testType="13cdc9d9-ddb5-4fa4-a97d-d965ccfc6d4b" outcome="Passed" testListId="8c84fa94-04c1-424b-9868-57a2d4851a1d" relativeResultsDirectory="eecd5c8f-0dc7-4e0d-a280-638610835591" />
    <UnitTestResult executionId="f2428ab1-db80-4b9a-b196-745c3c65a5aa" testId="bb63192c-7585-8233-e874-5154dd78ec1d" testName="CobolSharp.Tests.Integration.DataTests.JustifiedRight_LongerSource_TruncatesLeft" computerName="COLOSSUS" duration="00:00:00.0368848" startTime="2026-03-30T20:21:14.2526562-07:00" endTime="2026-03-30T20:21:14.2526565-07:00" testType="13cdc9d9-ddb5-4fa4-a97d-d965ccfc6d4b" outcome="Passed" testListId="8c84fa94-04c1-424b-9868-57a2d4851a1d" relativeResultsDirectory="f2428ab1-db80-4b9a-b196-745c3c65a5aa" />
    <UnitTestResult executionId="28999478-4082-4e03-85f6-51ebbb63d386" testId="af0b2b5a-2226-06b1-84b2-635af072b4ce" testName="CobolSharp.Tests.Integration.SubscriptRefModTests.RefMod_ExpressionStartLength" computerName="COLOSSUS" duration="00:00:00.0451279" startTime="2026-03-30T20:21:13.0216905-07:00" endTime="2026-03-30T20:21:13.0216909-07:00" testType="13cdc9d9-ddb5-4fa4-a97d-d965ccfc6d4b" outcome="Passed" testListId="8c84fa94-04c1-424b-9868-57a2d4851a1d" relativeResultsDirectory="28999478-4082-4e03-85f6-51ebbb63d386" />
    <UnitTestResult executionId="f36357af-b392-4389-aac0-0a3b40b791e7" testId="68672dd3-5598-0ddd-0fc6-2cb097153798" testName="CobolSharp.Tests.Integration.FileIOTests.FileIO_Rewrite_ReplacesRecord" computerName="COLOSSUS" duration="00:00:00.0672784" startTime="2026-03-30T20:21:12.2357839-07:00" endTime="2026-03-30T20:21:12.2357839-07:00" testType="13cdc9d9-ddb5-4fa4-a97d-d965ccfc6d4b" outcome="Passed" testListId="8c84fa94-04c1-424b-9868-57a2d4851a1d" relativeResultsDirectory="f36357af-b392-4389-aac0-0a3b40b791e7" />
    <UnitTestResult executionId="0c63754a-322f-46d4-a98c-d10176686026" testId="f02b3c5f-5374-8243-4a90-29995ba51d7d" testName="CobolSharp.Tests.Integration.IntrinsicFunctionTests.Function_Random_InRange" computerName="COLOSSUS" duration="00:00:00.0779017" startTime="2026-03-30T20:21:12.3662442-07:00" endTime="2026-03-30T20:21:12.3662446-07:00" testType="13cdc9d9-ddb5-4fa4-a97d-d965ccfc6d4b" outcome="Passed" testListId="8c84fa94-04c1-424b-9868-57a2d4851a1d" relativeResultsDirectory="0c63754a-322f-46d4-a98c-d10176686026" />
    <UnitTestResult executionId="d54fb53d-72e9-49f5-96c6-114bc5250d62" testId="b037c8b7-1ca3-609b-1370-152c53688f3c" testName="CobolSharp.Tests.Integration.SubscriptRefModTests.Nist_NC246A_QualifiedSubscripts" computerName="COLOSSUS" duration="00:00:00.2799429" startTime="2026-03-30T20:21:12.5878627-07:00" endTime="2026-03-30T20:21:12.5878630-07:00" testType="13cdc9d9-ddb5-4fa4-a97d-d965ccfc6d4b" outcome="Passed" testListId="8c84fa94-04c1-424b-9868-57a2d4851a1d" relativeResultsDirectory="d54fb53d-72e9-49f5-96c6-114bc5250d62" />
    <UnitTestResult executionId="035399c9-cc44-465a-9813-4540825be384" testId="939ad31a-9f51-88c2-9a73-58b8b3f95cbc" testName="CobolSharp.Tests.Integration.IntrinsicFunctionTests.Function_Sqrt_ReturnsCorrectValue" computerName="COLOSSUS" duration="00:00:00.0660860" startTime="2026-03-30T20:21:12.1503075-07:00" endTime="2026-03-30T20:21:12.1503080-07:00" testType="13cdc9d9-ddb5-4fa4-a97d-d965ccfc6d4b" outcome="Passed" testListId="8c84fa94-04c1-424b-9868-57a2d4851a1d" relativeResultsDirectory="035399c9-cc44-465a-9813-4540825be384" />
    <UnitTestResult executionId="c8de6abb-efc5-45c8-b606-ccaa6b9f657d" testId="d98777e2-98a6-57c1-c4b3-d2a0e7df0639" testName="CobolSharp.Tests.Integration.CallTests.Call_ByReference_CalleeModifiesCallerStorage" computerName="COLOSSUS" duration="00:00:00.0749595" startTime="2026-03-30T20:21:12.5185793-07:00" endTime="2026-03-30T20:21:12.5185797-07:00" testType="13cdc9d9-ddb5-4fa4-a97d-d965ccfc6d4b" outcome="Passed" testListId="8c84fa94-04c1-424b-9868-57a2d4851a1d" relativeResultsDirectory="c8de6abb-efc5-45c8-b606-ccaa6b9f657d" />
    <UnitTestResult executionId="e97a0568-e16a-4a8e-945c-f9fcfcc0088b" testId="1b569d95-bf67-c70f-609e-f7d81e9e2b93" testName="CobolSharp.Tests.Integration.ControlFlowTests.If_SubscriptedIdentifier_ComparisonWorks" computerName="COLOSSUS" duration="00:00:00.0407487" startTime="2026-03-30T20:21:14.0197296-07:00" endTime="2026-03-30T20:21:14.0197299-07:00" testType="13cdc9d9-ddb5-4fa4-a97d-d965ccfc6d4b" outcome="Passed" testListId="8c84fa94-04c1-424b-9868-57a2d4851a1d" relativeResultsDirectory="e97a0568-e16a-4a8e-945c-f9fcfcc0088b" />
    <UnitTestResult executionId="8c91ab14-53fb-4de3-8f4b-6da6091b7568" testId="8da17d13-3a9d-17ef-f8b9-7497e4cd65a2" testName="CobolSharp.Tests.Integration.SubscriptRefModTests.SearchAll_NotFound" computerName="COLOSSUS" duration="00:00:00.0515838" startTime="2026-03-30T20:21:12.9764921-07:00" endTime="2026-03-30T20:21:12.9764924-07:00" testType="13cdc9d9-ddb5-4fa4-a97d-d965ccfc6d4b" outcome="Passed" testListId="8c84fa94-04c1-424b-9868-57a2d4851a1d" relativeResultsDirectory="8c91ab14-53fb-4de3-8f4b-6da6091b7568" />
    <UnitTestResult executionId="ee4ff798-90b5-4612-8267-a293f7c521ec" testId="6defbe1a-bf82-87da-2206-efe715221133" testName="CobolSharp.Tests.Integration.ControlFlowTests.Alter_WithoutProceedTo" computerName="COLOSSUS" duration="00:00:00.0389864" startTime="2026-03-30T20:21:14.3107079-07:00" endTime="2026-03-30T20:21:14.3107084-07:00" testType="13cdc9d9-ddb5-4fa4-a97d-d965ccfc6d4b" outcome="Passed" testListId="8c84fa94-04c1-424b-9868-57a2d4851a1d" relativeResultsDirectory="ee4ff798-90b5-4612-8267-a293f7c521ec" />
    <UnitTestResult executionId="ac7d083b-8582-46e9-b6af-aa1c06dfc8e8" testId="42605bf4-b2a2-6243-07f2-e4dc3937f0c5" testName="CobolSharp.Tests.Integration.DataTests.Level88_ConditionName_ThruRange" computerName="COLOSSUS" duration="00:00:00.0406431" startTime="2026-03-30T20:21:14.0862408-07:00" endTime="2026-03-30T20:21:14.0862413-07:00" testType="13cdc9d9-ddb5-4fa4-a97d-d965ccfc6d4b" outcome="Passed" testListId="8c84fa94-04c1-424b-9868-57a2d4851a1d" relativeResultsDirectory="ac7d083b-8582-46e9-b6af-aa1c06dfc8e8" />
    <UnitTestResult executionId="433f7ce5-d932-4ede-9911-9bdc0e967759" testId="f0012ada-3e2d-c8ec-4f61-69f95a3344b8" testName="CobolSharp.Tests.Integration.FileIOTests.FileIO_OpenOutputCreatesFile" computerName="COLOSSUS" duration="00:00:00.0541138" startTime="2026-03-30T20:21:12.6720315-07:00" endTime="2026-03-30T20:21:12.6720316-07:00" testType="13cdc9d9-ddb5-4fa4-a97d-d965ccfc6d4b" outcome="Passed" testListId="8c84fa94-04c1-424b-9868-57a2d4851a1d" relativeResultsDirectory="433f7ce5-d932-4ede-9911-9bdc0e967759" />
    <UnitTestResult executionId="62221e38-c5b2-48b0-94ad-d90d38ebc2a1" testId="0f255b37-4a3b-32ee-1dab-5f5bc008e6d4" testName="CobolSharp.Tests.Integration.DataTests.JustifiedRight_ShorterSource_PadsLeft" computerName="COLOSSUS" duration="00:00:00.6595690" startTime="2026-03-30T20:21:11.8092530-07:00" endTime="2026-03-30T20:21:11.8092715-07:00" testType="13cdc9d9-ddb5-4fa4-a97d-d965ccfc6d4b" outcome="Passed" testListId="8c84fa94-04c1-424b-9868-57a2d4851a1d" relativeResultsDirectory="62221e38-c5b2-48b0-94ad-d90d38ebc2a1" />
    <UnitTestResult executionId="1e8d4293-0435-4cfc-9396-01bf76f30faa" testId="d7d8b593-935a-3116-ed58-44ab363999eb" testName="CobolSharp.Tests.Integration.DataTests.SignTrailingSeparate_PositiveValue" computerName="COLOSSUS" duration="00:00:00.0409209" startTime="2026-03-30T20:21:13.9986309-07:00" endTime="2026-03-30T20:21:13.9986312-07:00" testType="13cdc9d9-ddb5-4fa4-a97d-d965ccfc6d4b" outcome="Passed" testListId="8c84fa94-04c1-424b-9868-57a2d4851a1d" relativeResultsDirectory="1e8d4293-0435-4cfc-9396-01bf76f30faa" />
    <UnitTestResult executionId="86b45d81-d2ce-4f36-adcb-2d7f723f67de" testId="93bbdb8a-0492-e82d-50a4-519d040becb9" testName="CobolSharp.Tests.Integration.ControlFlowTests.GoToDepending_FallsIntoNextParagraph" computerName="COLOSSUS" duration="00:00:00.0397578" startTime="2026-03-30T20:21:14.1040792-07:00" endTime="2026-03-30T20:21:14.1040797-07:00" testType="13cdc9d9-ddb5-4fa4-a97d-d965ccfc6d4b" outcome="Passed" testListId="8c84fa94-04c1-424b-9868-57a2d4851a1d" relativeResultsDirectory="86b45d81-d2ce-4f36-adcb-2d7f723f67de" />
    <UnitTestResult executionId="d0a6253f-f5f3-4324-b689-b1d20bc55261" testId="b01227c9-5949-c414-38fa-6f1d457ba740" testName="CobolSharp.Tests.Integration.FileIOTests.FileIO_ReadPrevious_IndexedFile" computerName="COLOSSUS" duration="00:00:00.0513054" startTime="2026-03-30T20:21:13.2338507-07:00" endTime="2026-03-30T20:21:13.2338508-07:00" testType="13cdc9d9-ddb5-4fa4-a97d-d965ccfc6d4b" outcome="Passed" testListId="8c84fa94-04c1-424b-9868-57a2d4851a1d" relativeResultsDirectory="d0a6253f-f5f3-4324-b689-b1d20bc55261" />
    <UnitTestResult executionId="3a74d473-9788-4d21-b194-f75ddfa91e81" testId="f4d560c0-535b-8ea3-b7c3-19dab5618d9d" testName="CobolSharp.Tests.Integration.ControlFlowTests.ExitSection_PerformSectionStopsAtBoundary" computerName="COLOSSUS" duration="00:00:00.0409438" startTime="2026-03-30T20:21:13.2599518-07:00" endTime="2026-03-30T20:21:13.2599524-07:00" testType="13cdc9d9-ddb5-4fa4-a97d-d965ccfc6d4b" outcome="Passed" testListId="8c84fa94-04c1-424b-9868-57a2d4851a1d" relativeResultsDirectory="3a74d473-9788-4d21-b194-f75ddfa91e81" />
    <UnitTestResult executionId="c192f4e8-8e2f-4032-9735-5486fc0713b7" testId="b8725a05-4ce5-6e3d-ac19-a7b50d9ec854" testName="CobolSharp.Tests.Integration.DataTests.GlobalClause_Level01_ParsesAndCompiles" computerName="COLOSSUS" duration="00:00:00.0458058" startTime="2026-03-30T20:21:12.8081917-07:00" endTime="2026-03-30T20:21:12.8081920-07:00" testType="13cdc9d9-ddb5-4fa4-a97d-d965ccfc6d4b" outcome="Passed" testListId="8c84fa94-04c1-424b-9868-57a2d4851a1d" relativeResultsDirectory="c192f4e8-8e2f-4032-9735-5486fc0713b7" />
    <UnitTestResult executionId="f8821fdf-99ce-4356-8c20-b9db33cbaee0" testId="ebb311e6-e050-865f-f5f9-88bd92207d92" testName="CobolSharp.Tests.Integration.SubscriptRefModTests.SearchAll_2D_OuterIndexFromPerform" computerName="COLOSSUS" duration="00:00:00.0431327" startTime="2026-03-30T20:21:13.5005688-07:00" endTime="2026-03-30T20:21:13.5005692-07:00" testType="13cdc9d9-ddb5-4fa4-a97d-d965ccfc6d4b" outcome="Passed" testListId="8c84fa94-04c1-424b-9868-57a2d4851a1d" relativeResultsDirectory="f8821fdf-99ce-4356-8c20-b9db33cbaee0" />
    <UnitTestResult executionId="c612d66d-662f-4585-af15-2b957ce6aefc" testId="e852c190-8eca-df48-8ca9-944229973183" testName="CobolSharp.Tests.Integration.CobolErrorStrategyTests.ErrorCountCap_NC203A_AtMost20" computerName="COLOSSUS" duration="00:00:00.6723059" startTime="2026-03-30T20:21:11.8214141-07:00" endTime="2026-03-30T20:21:11.8214143-07:00" testType="13cdc9d9-ddb5-4fa4-a97d-d965ccfc6d4b" outcome="Passed" testListId="8c84fa94-04c1-424b-9868-57a2d4851a1d" relativeResultsDirectory="c612d66d-662f-4585-af15-2b957ce6aefc" />
    <UnitTestResult executionId="265be5c9-d6b2-4c32-b0bc-e5c3f92c3c06" testId="7ff4a552-818f-8e26-ad02-26735e740746" testName="CobolSharp.Tests.Integration.ControlFlowTests.PerformVaryingAfter_Classic2D" computerName="COLOSSUS" duration="00:00:00.0407641" startTime="2026-03-30T20:21:13.6334223-07:00" endTime="2026-03-30T20:21:13.6334231-07:00" testType="13cdc9d9-ddb5-4fa4-a97d-d965ccfc6d4b" outcome="Passed" testListId="8c84fa94-04c1-424b-9868-57a2d4851a1d" relativeResultsDirectory="265be5c9-d6b2-4c32-b0bc-e5c3f92c3c06" />
    <UnitTestResult executionId="608e3392-55eb-47a7-990a-4016fc5ef7e7" testId="e0dd0031-e579-511a-c095-471914204997" testName="CobolSharp.Tests.Integration.IrExpressionPipelineTests.InlinePerformTimes" computerName="COLOSSUS" duration="00:00:00.0576117" startTime="2026-03-30T20:21:12.4344304-07:00" endTime="2026-03-30T20:21:12.4344305-07:00" testType="13cdc9d9-ddb5-4fa4-a97d-d965ccfc6d4b" outcome="Passed" testListId="8c84fa94-04c1-424b-9868-57a2d4851a1d" relativeResultsDirectory="608e3392-55eb-47a7-990a-4016fc5ef7e7" />
    <UnitTestResult executionId="df97b106-4dd5-4e76-9005-ec5f5bc1ae0f" testId="743928ba-26be-f9b7-88eb-bbffce4d592a" testName="CobolSharp.Tests.Integration.ControlFlowTests.PerformParagraph" computerName="COLOSSUS" duration="00:00:00.0407700" startTime="2026-03-30T20:21:13.4314267-07:00" endTime="2026-03-30T20:21:13.4314270-07:00" testType="13cdc9d9-ddb5-4fa4-a97d-d965ccfc6d4b" outcome="Passed" testListId="8c84fa94-04c1-424b-9868-57a2d4851a1d" relativeResultsDirectory="df97b106-4dd5-4e76-9005-ec5f5bc1ae0f" />
    <UnitTestResult executionId="52c388e3-80df-4e2e-82f5-64fd414ca174" testId="69027e9f-c8db-bd67-d2ee-b35c65ce795e" testName="CobolSharp.Tests.Integration.ControlFlowTests.If_RefMod_ComparisonWorks" computerName="COLOSSUS" duration="00:00:00.0453142" startTime="2026-03-30T20:21:12.9704241-07:00" endTime="2026-03-30T20:21:12.9704243-07:00" testType="13cdc9d9-ddb5-4fa4-a97d-d965ccfc6d4b" outcome="Passed" testListId="8c84fa94-04c1-424b-9868-57a2d4851a1d" relativeResultsDirectory="52c388e3-80df-4e2e-82f5-64fd414ca174" />
    <UnitTestResult executionId="936fd9ee-cd14-4301-b271-7584d9ba93ed" testId="ee522469-c2f6-ee82-af51-955f286576f4" testName="CobolSharp.Tests.Integration.P0BugFixTests.ClassCondition_RefMod_NoCrash" computerName="COLOSSUS" duration="00:00:00.0599287" startTime="2026-03-30T20:21:12.2952737-07:00" endTime="2026-03-30T20:21:12.2952739-07:00" testType="13cdc9d9-ddb5-4fa4-a97d-d965ccfc6d4b" outcome="Passed" testListId="8c84fa94-04c1-424b-9868-57a2d4851a1d" relativeResultsDirectory="936fd9ee-cd14-4301-b271-7584d9ba93ed" />
    <UnitTestResult executionId="5d975379-cea1-4803-89c8-9845c3580641" testId="c3c0f5af-93b1-cb85-2cf7-a956f998876c" testName="CobolSharp.Tests.Integration.DataTests.BlankWhenZero_ValueClause_StoresRawDigits" computerName="COLOSSUS" duration="00:00:00.0436109" startTime="2026-03-30T20:21:14.1696665-07:00" endTime="2026-03-30T20:21:14.1696668-07:00" testType="13cdc9d9-ddb5-4fa4-a97d-d965ccfc6d4b" outcome="Passed" testListId="8c84fa94-04c1-424b-9868-57a2d4851a1d" relativeResultsDirectory="5d975379-cea1-4803-89c8-9845c3580641" />
    <UnitTestResult executionId="329c87f3-0539-4ed9-b31f-ff314ed953a0" testId="566550b7-13cb-9d90-ba1d-f1f5098a786a" testName="CobolSharp.Tests.Integration.ConditionTests.ClassCondition_IsAlphabetic" computerName="COLOSSUS" duration="00:00:00.0721382" startTime="2026-03-30T20:21:11.8811918-07:00" endTime="2026-03-30T20:21:11.8811920-07:00" testType="13cdc9d9-ddb5-4fa4-a97d-d965ccfc6d4b" outcome="Passed" testListId="8c84fa94-04c1-424b-9868-57a2d4851a1d" relativeResultsDirectory="329c87f3-0539-4ed9-b31f-ff314ed953a0" />
    <UnitTestResult executionId="1148bd24-ba2f-456e-b628-c89b64eb0fbf" testId="485a0c5a-b872-8acb-2d0a-a8824cebf43f" testName="CobolSharp.Tests.Integration.ControlFlowTests.NextSentence_SkipsRestOfSentence" computerName="COLOSSUS" duration="00:00:00.0444162" startTime="2026-03-30T20:21:14.0642280-07:00" endTime="2026-03-30T20:21:14.0642284-07:00" testType="13cdc9d9-ddb5-4fa4-a97d-d965ccfc6d4b" outcome="Passed" testListId="8c84fa94-04c1-424b-9868-57a2d4851a1d" relativeResultsDirectory="1148bd24-ba2f-456e-b628-c89b64eb0fbf" />
    <UnitTestResult executionId="fa0eab80-9349-44e0-bb5c-221fd3501366" testId="d9f26605-9dc0-a887-ea64-70c5b2c799e2" testName="CobolSharp.Tests.Integration.FileIOTests.FileIO_OpenModeEnforcement_WriteToInputFile_Returns48" computerName="COLOSSUS" duration="00:00:00.0665211" startTime="2026-03-30T20:21:12.3021205-07:00" endTime="2026-03-30T20:21:12.3021207-07:00" testType="13cdc9d9-ddb5-4fa4-a97d-d965ccfc6d4b" outcome="Passed" testListId="8c84fa94-04c1-424b-9868-57a2d4851a1d" relativeResultsDirectory="fa0eab80-9349-44e0-bb5c-221fd3501366" />
    <UnitTestResult executionId="3072efe7-1fcf-41fb-9366-34de334b649c" testId="dced6fc6-8736-2e2e-df69-f618f4e490e0" testName="CobolSharp.Tests.Integration.IntrinsicFunctionTests.Function_Rem_Remainder" computerName="COLOSSUS" duration="00:00:00.0713971" startTime="2026-03-30T20:21:12.5567014-07:00" endTime="2026-03-30T20:21:12.5567016-07:00" testType="13cdc9d9-ddb5-4fa4-a97d-d965ccfc6d4b" outcome="Passed" testListId="8c84fa94-04c1-424b-9868-57a2d4851a1d" relativeResultsDirectory="3072efe7-1fcf-41fb-9366-34de334b649c" />
    <UnitTestResult executionId="61a85d7a-9f4e-43aa-a4d9-c6299858d28d" testId="eb93576d-e01a-f121-3a8f-b3f0857b5408" testName="CobolSharp.Tests.Integration.ControlFlowTests.EvaluateAlsoInsideNestedVarying" computerName="COLOSSUS" duration="00:00:00.0540761" startTime="2026-03-30T20:21:13.0245878-07:00" endTime="2026-03-30T20:21:13.0245879-07:00" testType="13cdc9d9-ddb5-4fa4-a97d-d965ccfc6d4b" outcome="Passed" testListId="8c84fa94-04c1-424b-9868-57a2d4851a1d" relativeResultsDirectory="61a85d7a-9f4e-43aa-a4d9-c6299858d28d" />
    <UnitTestResult executionId="55f34f0e-b4ad-47d7-b824-bd4375d040a1" testId="cd99daa4-a955-3750-2d88-b191587bb601" testName="CobolSharp.Tests.Integration.ControlFlowTests.PerformVaryingInline_SumOneToFive" computerName="COLOSSUS" duration="00:00:00.0583063" startTime="2026-03-30T20:21:12.3900318-07:00" endTime="2026-03-30T20:21:12.3900323-07:00" testType="13cdc9d9-ddb5-4fa4-a97d-d965ccfc6d4b" outcome="Passed" testListId="8c84fa94-04c1-424b-9868-57a2d4851a1d" relativeResultsDirectory="55f34f0e-b4ad-47d7-b824-bd4375d040a1" />
    <UnitTestResult executionId="045baff4-2415-4a7b-8084-19a0043857c2" testId="375eaf79-9faa-953d-615e-16705282a8ca" testName="CobolSharp.Tests.Integration.DataTests.MoveStringToField" computerName="COLOSSUS" duration="00:00:00.0468084" startTime="2026-03-30T20:21:14.0455195-07:00" endTime="2026-03-30T20:21:14.0455199-07:00" testType="13cdc9d9-ddb5-4fa4-a97d-d965ccfc6d4b" outcome="Passed" testListId="8c84fa94-04c1-424b-9868-57a2d4851a1d" relativeResultsDirectory="045baff4-2415-4a7b-8084-19a0043857c2" />
    <UnitTestResult executionId="5894512d-a70e-4762-bfab-00e863f86878" testId="c5da8d94-b876-14bb-cf4e-9efc50594589" testName="CobolSharp.Tests.Integration.MiscTests.CopyStatement_ExpandsCopybook" computerName="COLOSSUS" duration="00:00:00.0621159" startTime="2026-03-30T20:21:12.2660974-07:00" endTime="2026-03-30T20:21:12.2660975-07:00" testType="13cdc9d9-ddb5-4fa4-a97d-d965ccfc6d4b" outcome="Passed" testListId="8c84fa94-04c1-424b-9868-57a2d4851a1d" relativeResultsDirectory="5894512d-a70e-4762-bfab-00e863f86878" />
    <UnitTestResult executionId="4e8fac41-6fd8-4e2e-97bb-c1100af0bb58" testId="6d58f1f9-e673-61c1-ad3c-2cee10677adb" testName="CobolSharp.Tests.Integration.SubscriptRefModTests.Search_ChildOfOccursGroup_MultiFieldWhen" computerName="COLOSSUS" duration="00:00:00.0382666" startTime="2026-03-30T20:21:13.8361090-07:00" endTime="2026-03-30T20:21:13.8361096-07:00" testType="13cdc9d9-ddb5-4fa4-a97d-d965ccfc6d4b" outcome="Passed" testListId="8c84fa94-04c1-424b-9868-57a2d4851a1d" relativeResultsDirectory="4e8fac41-6fd8-4e2e-97bb-c1100af0bb58" />
    <UnitTestResult executionId="282813dd-df7c-43eb-bcbc-9f5e08488900" testId="6a18aeb0-5f5f-2ace-292b-125cd9d3723a" testName="CobolSharp.Tests.Integration.MiscTests.AcceptFromDay_7Digit" computerName="COLOSSUS" duration="00:00:00.0659062" startTime="2026-03-30T20:21:12.2038862-07:00" endTime="2026-03-30T20:21:12.2038867-07:00" testType="13cdc9d9-ddb5-4fa4-a97d-d965ccfc6d4b" outcome="Passed" testListId="8c84fa94-04c1-424b-9868-57a2d4851a1d" relativeResultsDirectory="282813dd-df7c-43eb-bcbc-9f5e08488900" />
    <UnitTestResult executionId="8b715cb8-cc1e-4d02-bd86-efaa10b66ee0" testId="3decbc64-d6d3-fdda-6090-08ad71d2743b" testName="CobolSharp.Tests.Integration.ControlFlowTests.ExitPerform_ExitsOnlyInnermostPerform" computerName="COLOSSUS" duration="00:00:00.0425677" startTime="2026-03-30T20:21:13.8886330-07:00" endTime="2026-03-30T20:21:13.8886333-07:00" testType="13cdc9d9-ddb5-4fa4-a97d-d965ccfc6d4b" outcome="Passed" testListId="8c84fa94-04c1-424b-9868-57a2d4851a1d" relativeResultsDirectory="8b715cb8-cc1e-4d02-bd86-efaa10b66ee0" />
    <UnitTestResult executionId="d2a50301-f3a3-4ff3-8efc-c9cad5eee4d1" testId="d6d69601-ca7b-4a2e-b9f7-2d4e630b3ab9" testName="CobolSharp.Tests.Integration.DataTests.Level88_ConditionName_SingleValue" computerName="COLOSSUS" duration="00:00:00.0409263" startTime="2026-03-30T20:21:13.3930415-07:00" endTime="2026-03-30T20:21:13.3930417-07:00" testType="13cdc9d9-ddb5-4fa4-a97d-d965ccfc6d4b" outcome="Passed" testListId="8c84fa94-04c1-424b-9868-57a2d4851a1d" relativeResultsDirectory="d2a50301-f3a3-4ff3-8efc-c9cad5eee4d1" />
    <UnitTestResult executionId="94cb98ea-8d05-4fce-9a21-d49307e63034" testId="814536ec-c912-61b3-0f64-0b1c61f091f3" testName="CobolSharp.Tests.Integration.FileIOTests.FileIO_WriteFrom_CopiesBeforeWriting" computerName="COLOSSUS" duration="00:00:00.0511037" startTime="2026-03-30T20:21:12.1682013-07:00" endTime="2026-03-30T20:21:12.1682016-07:00" testType="13cdc9d9-ddb5-4fa4-a97d-d965ccfc6d4b" outcome="Passed" testListId="8c84fa94-04c1-424b-9868-57a2d4851a1d" relativeResultsDirectory="94cb98ea-8d05-4fce-9a21-d49307e63034" />
    <UnitTestResult executionId="1d5c0a5a-f93b-4119-93ec-8066f3478d60" testId="68981222-b362-5b76-f738-669bc21d6e70" testName="CobolSharp.Tests.Integration.ArithmeticTests.ComputeExpression" computerName="COLOSSUS" duration="00:00:00.7084697" startTime="2026-03-30T20:21:11.8559633-07:00" endTime="2026-03-30T20:21:11.8559633-07:00" testType="13cdc9d9-ddb5-4fa4-a97d-d965ccfc6d4b" outcome="Passed" testListId="8c84fa94-04c1-424b-9868-57a2d4851a1d" relativeResultsDirectory="1d5c0a5a-f93b-4119-93ec-8066f3478d60" />
    <UnitTestResult executionId="fb1699eb-5c34-4111-a855-bf7176b953ba" testId="9b8315e0-cd1f-a8a5-04b2-f7823e578152" testName="CobolSharp.Tests.Integration.IntrinsicFunctionTests.Function_Max_ReturnsLargest" computerName="COLOSSUS" duration="00:00:00.0519159" startTime="2026-03-30T20:21:13.1891818-07:00" endTime="2026-03-30T20:21:13.1891820-07:00" testType="13cdc9d9-ddb5-4fa4-a97d-d965ccfc6d4b" outcome="Passed" testListId="8c84fa94-04c1-424b-9868-57a2d4851a1d" relativeResultsDirectory="fb1699eb-5c34-4111-a855-bf7176b953ba" />
    <UnitTestResult executionId="923bc061-d23e-48e3-8ebb-51a68796ee98" testId="4ddfe4e7-e068-a2e3-9237-fb6eed4f50d5" testName="CobolSharp.Tests.Integration.SubscriptRefModTests.RefMod_ConstantStartLength" computerName="COLOSSUS" duration="00:00:00.0404270" startTime="2026-03-30T20:21:13.1666143-07:00" endTime="2026-03-30T20:21:13.1666146-07:00" testType="13cdc9d9-ddb5-4fa4-a97d-d965ccfc6d4b" outcome="Passed" testListId="8c84fa94-04c1-424b-9868-57a2d4851a1d" relativeResultsDirectory="923bc061-d23e-48e3-8ebb-51a68796ee98" />
    <UnitTestResult executionId="93846c3a-5a36-4c1f-bbe7-1ac1f827a560" testId="b0acc497-49bb-9835-486a-58dd135f84ca" testName="CobolSharp.Tests.Integration.IntrinsicFunctionTests.Function_Midrange_Average" computerName="COLOSSUS" duration="00:00:00.0589794" startTime="2026-03-30T20:21:13.1371735-07:00" endTime="2026-03-30T20:21:13.1371736-07:00" testType="13cdc9d9-ddb5-4fa4-a97d-d965ccfc6d4b" outcome="Passed" testListId="8c84fa94-04c1-424b-9868-57a2d4851a1d" relativeResultsDirectory="93846c3a-5a36-4c1f-bbe7-1ac1f827a560" />
    <UnitTestResult executionId="43312f1b-414e-4a14-894d-c23c45b5e38e" testId="93e604be-4890-b04c-fe6d-82aa43e70f85" testName="CobolSharp.Tests.Integration.CallTests.NistIC224A_BatchCompilation_ByContent" computerName="COLOSSUS" duration="00:00:00.1717385" startTime="2026-03-30T20:21:13.2225816-07:00" endTime="2026-03-30T20:21:13.2225817-07:00" testType="13cdc9d9-ddb5-4fa4-a97d-d965ccfc6d4b" outcome="Passed" testListId="8c84fa94-04c1-424b-9868-57a2d4851a1d" relativeResultsDirectory="43312f1b-414e-4a14-894d-c23c45b5e38e" />
    <UnitTestResult executionId="32e33546-2041-4e35-ad54-a3e9d420a75d" testId="d0c96d49-66dd-2e80-c6ea-5af6a049aa05" testName="CobolSharp.Tests.Integration.ControlFlowTests.PerformVaryingAfter_ThreeLevel" computerName="COLOSSUS" duration="00:00:00.0400742" startTime="2026-03-30T20:21:13.8017526-07:00" endTime="2026-03-30T20:21:13.8017530-07:00" testType="13cdc9d9-ddb5-4fa4-a97d-d965ccfc6d4b" outcome="Passed" testListId="8c84fa94-04c1-424b-9868-57a2d4851a1d" relativeResultsDirectory="32e33546-2041-4e35-ad54-a3e9d420a75d" />
    <UnitTestResult executionId="58a3b96f-ca72-4004-a992-4b8e13a9ff1a" testId="87fb6337-2eca-57a6-c7f9-a239dafc1b79" testName="CobolSharp.Tests.Integration.FileIOTests.FileIO_RelativeKey_RandomReadByKeyField" computerName="COLOSSUS" duration="00:00:00.0552148" startTime="2026-03-30T20:21:12.7273250-07:00" endTime="2026-03-30T20:21:12.7273252-07:00" testType="13cdc9d9-ddb5-4fa4-a97d-d965ccfc6d4b" outcome="Passed" testListId="8c84fa94-04c1-424b-9868-57a2d4851a1d" relativeResultsDirectory="58a3b96f-ca72-4004-a992-4b8e13a9ff1a" />
    <UnitTestResult executionId="d7605eab-8637-4ad2-9346-c74d40f8206c" testId="569abf36-d70d-ba97-3c4c-3dd46daf7287" testName="CobolSharp.Tests.Integration.ControlFlowTests.GoToDepending_OutOfRange_FallsThrough" computerName="COLOSSUS" duration="00:00:00.0441283" startTime="2026-03-30T20:21:13.8459679-07:00" endTime="2026-03-30T20:21:13.8459684-07:00" testType="13cdc9d9-ddb5-4fa4-a97d-d965ccfc6d4b" outcome="Passed" testListId="8c84fa94-04c1-424b-9868-57a2d4851a1d" relativeResultsDirectory="d7605eab-8637-4ad2-9346-c74d40f8206c" />
    <UnitTestResult executionId="d26db8f1-a808-4b8b-91a6-7b6b02931114" testId="2a4d1a63-a68a-e272-79ea-a29d7c3c6ff2" testName="CobolSharp.Tests.Integration.FileIOTests.FileIO_UseAfterException_TriggersHandler" computerName="COLOSSUS" duration="00:00:00.0582719" startTime="2026-03-30T20:21:12.7856902-07:00" endTime="2026-03-30T20:21:12.7856906-07:00" testType="13cdc9d9-ddb5-4fa4-a97d-d965ccfc6d4b" outcome="Passed" testListId="8c84fa94-04c1-424b-9868-57a2d4851a1d" relativeResultsDirectory="d26db8f1-a808-4b8b-91a6-7b6b02931114" />
    <UnitTestResult executionId="b6c71cce-2bda-4cde-8b48-e8d414e61190" testId="b596462f-353a-bcf9-1b3f-6a8bfa6d7ffa" testName="CobolSharp.Tests.Integration.DataTests.MoveAndDisplay_NumericField" computerName="COLOSSUS" duration="00:00:00.0411745" startTime="2026-03-30T20:21:13.5516415-07:00" endTime="2026-03-30T20:21:13.5516419-07:00" testType="13cdc9d9-ddb5-4fa4-a97d-d965ccfc6d4b" outcome="Passed" testListId="8c84fa94-04c1-424b-9868-57a2d4851a1d" relativeResultsDirectory="b6c71cce-2bda-4cde-8b48-e8d414e61190" />
    <UnitTestResult executionId="f075872b-dc82-45a7-bd7b-0b3b4a720961" testId="1e7e20e7-d416-4b11-63b0-f825095a457d" testName="CobolSharp.Tests.Integration.SubscriptRefModTests.SearchAll_FirstElement" computerName="COLOSSUS" duration="00:00:00.0548439" startTime="2026-03-30T20:21:12.8159958-07:00" endTime="2026-03-30T20:21:12.8159961-07:00" testType="13cdc9d9-ddb5-4fa4-a97d-d965ccfc6d4b" outcome="Passed" testListId="8c84fa94-04c1-424b-9868-57a2d4851a1d" relativeResultsDirectory="f075872b-dc82-45a7-bd7b-0b3b4a720961" />
    <UnitTestResult executionId="b91546f3-9a32-466b-897a-126bb3c1402e" testId="c977b967-117e-e0f5-0cd5-631e4be6e261" testName="CobolSharp.Tests.Integration.ArithmeticTests.SubtractFromField" computerName="COLOSSUS" duration="00:00:00.0476138" startTime="2026-03-30T20:21:12.8089664-07:00" endTime="2026-03-30T20:21:12.8089665-07:00" testType="13cdc9d9-ddb5-4fa4-a97d-d965ccfc6d4b" outcome="Passed" testListId="8c84fa94-04c1-424b-9868-57a2d4851a1d" relativeResultsDirectory="b91546f3-9a32-466b-897a-126bb3c1402e" />
    <UnitTestResult executionId="2921ae41-eefb-473d-ac42-46b472167144" testId="909f345e-13d5-aac4-6ade-56c18fa3cd1c" testName="CobolSharp.Tests.Integration.SortMergeTests.SortUsing_SortsRecordsByKey" computerName="COLOSSUS" duration="00:00:00.7175435" startTime="2026-03-30T20:21:11.8650127-07:00" endTime="2026-03-30T20:21:11.8650128-07:00" testType="13cdc9d9-ddb5-4fa4-a97d-d965ccfc6d4b" outcome="Passed" testListId="8c84fa94-04c1-424b-9868-57a2d4851a1d" relativeResultsDirectory="2921ae41-eefb-473d-ac42-46b472167144" />
    <UnitTestResult executionId="21491f95-8c47-4a0c-ac63-c22b42e9ada5" testId="8d999f14-aa42-2ded-ad78-f4fdaaca8f5a" testName="CobolSharp.Tests.Integration.ArithmeticTests.Divide_IntoSubscripted_GivingIdentifier" computerName="COLOSSUS" duration="00:00:00.0629936" startTime="2026-03-30T20:21:12.2287050-07:00" endTime="2026-03-30T20:21:12.2287056-07:00" testType="13cdc9d9-ddb5-4fa4-a97d-d965ccfc6d4b" outcome="Passed" testListId="8c84fa94-04c1-424b-9868-57a2d4851a1d" relativeResultsDirectory="21491f95-8c47-4a0c-ac63-c22b42e9ada5" />
    <UnitTestResult executionId="5b147e2b-f1f7-4694-97af-adf335ad6414" testId="3c92f75e-e634-0a6b-8944-0f3a1d1f7b46" testName="CobolSharp.Tests.Integration.IrExpressionPipelineTests.Compute_SubscriptedOperands" computerName="COLOSSUS" duration="00:00:00.0722793" startTime="2026-03-30T20:21:12.0544680-07:00" endTime="2026-03-30T20:21:12.0544684-07:00" testType="13cdc9d9-ddb5-4fa4-a97d-d965ccfc6d4b" outcome="Passed" testListId="8c84fa94-04c1-424b-9868-57a2d4851a1d" relativeResultsDirectory="5b147e2b-f1f7-4694-97af-adf335ad6414" />
    <UnitTestResult executionId="61be2dc9-b272-41a9-975c-249ea0cb6ddb" testId="e6649f5b-43c7-b9ce-4f5d-10a70a4fab7b" testName="CobolSharp.Tests.Integration.IntrinsicFunctionTests.Function_Sum_Total" computerName="COLOSSUS" duration="00:00:00.0508291" startTime="2026-03-30T20:21:13.3947863-07:00" endTime="2026-03-30T20:21:13.3947863-07:00" testType="13cdc9d9-ddb5-4fa4-a97d-d965ccfc6d4b" outcome="Passed" testListId="8c84fa94-04c1-424b-9868-57a2d4851a1d" relativeResultsDirectory="61be2dc9-b272-41a9-975c-249ea0cb6ddb" />
    <UnitTestResult executionId="456007a7-d922-41b3-ae9b-ad978a510a07" testId="8d1784d4-0969-60ff-d2b5-c1b8c1767c93" testName="CobolSharp.Tests.Integration.ConditionTests.CollatingSequence_ReverseOrder" computerName="COLOSSUS" duration="00:00:00.0893291" startTime="2026-03-30T20:21:12.0483808-07:00" endTime="2026-03-30T20:21:12.0483809-07:00" testType="13cdc9d9-ddb5-4fa4-a97d-d965ccfc6d4b" outcome="Passed" testListId="8c84fa94-04c1-424b-9868-57a2d4851a1d" relativeResultsDirectory="456007a7-d922-41b3-ae9b-ad978a510a07" />
    <UnitTestResult executionId="ab7b1793-a6e8-4f75-9795-7fc9f1c82ea1" testId="fab05432-e491-56c7-75c1-f42b9997351e" testName="CobolSharp.Tests.Integration.DataTests.SetStatement_SetsValue" computerName="COLOSSUS" duration="00:00:00.0616562" startTime="2026-03-30T20:21:12.5349792-07:00" endTime="2026-03-30T20:21:12.5349794-07:00" testType="13cdc9d9-ddb5-4fa4-a97d-d965ccfc6d4b" outcome="Passed" testListId="8c84fa94-04c1-424b-9868-57a2d4851a1d" relativeResultsDirectory="ab7b1793-a6e8-4f75-9795-7fc9f1c82ea1" />
    <UnitTestResult executionId="ad22d80d-31ea-4c0f-a5eb-56b7723e5ec7" testId="c556e3b5-7f64-1cbf-2d3c-25acbed4219c" testName="CobolSharp.Tests.Integration.ControlFlowTests.ExitPerformCycle_SkipsToIncrement" computerName="COLOSSUS" duration="00:00:00.0469242" startTime="2026-03-30T20:21:13.7210468-07:00" endTime="2026-03-30T20:21:13.7210469-07:00" testType="13cdc9d9-ddb5-4fa4-a97d-d965ccfc6d4b" outcome="Passed" testListId="8c84fa94-04c1-424b-9868-57a2d4851a1d" relativeResultsDirectory="ad22d80d-31ea-4c0f-a5eb-56b7723e5ec7" />
    <UnitTestResult executionId="2030edb2-75aa-4664-9eb4-ac9236a95324" testId="2b034335-f0b9-4b46-8a4b-1080f27c15af" testName="CobolSharp.Tests.Integration.DataTests.SignLeadingSeparate_Arithmetic" computerName="COLOSSUS" duration="00:00:00.0388478" startTime="2026-03-30T20:21:13.6349322-07:00" endTime="2026-03-30T20:21:13.6349323-07:00" testType="13cdc9d9-ddb5-4fa4-a97d-d965ccfc6d4b" outcome="Passed" testListId="8c84fa94-04c1-424b-9868-57a2d4851a1d" relativeResultsDirectory="2030edb2-75aa-4664-9eb4-ac9236a95324" />
    <UnitTestResult executionId="9037b8bf-1175-48b1-92dc-63458f467e21" testId="9a238c68-acca-f58e-c287-811e5e7070a5" testName="CobolSharp.Tests.Integration.SubscriptRefModTests.Nist_NC245A_SemicolonSubscriptSeparators" computerName="COLOSSUS" duration="00:00:00.1563517" startTime="2026-03-30T20:21:13.3230258-07:00" endTime="2026-03-30T20:21:13.3230259-07:00" testType="13cdc9d9-ddb5-4fa4-a97d-d965ccfc6d4b" outcome="Passed" testListId="8c84fa94-04c1-424b-9868-57a2d4851a1d" relativeResultsDirectory="9037b8bf-1175-48b1-92dc-63458f467e21" />
    <UnitTestResult executionId="10ef8c29-ecfa-41c4-90ff-258ca59d0f87" testId="651d9f48-e24f-186b-2005-4df398c7fa39" testName="CobolSharp.Tests.Integration.StringTests.Inspect_ReplacingFirst" computerName="COLOSSUS" duration="00:00:00.6970855" startTime="2026-03-30T20:21:11.8445248-07:00" endTime="2026-03-30T20:21:11.8445251-07:00" testType="13cdc9d9-ddb5-4fa4-a97d-d965ccfc6d4b" outcome="Passed" testListId="8c84fa94-04c1-424b-9868-57a2d4851a1d" relativeResultsDirectory="10ef8c29-ecfa-41c4-90ff-258ca59d0f87" />
    <UnitTestResult executionId="95feb5b2-7743-4880-a348-f64b88801392" testId="eafdd624-ff41-a182-22dd-33337eb3ddea" testName="CobolSharp.Tests.Integration.ControlFlowTests.NextSentence_SkipsMultipleStatements" computerName="COLOSSUS" duration="00:00:00.0551459" startTime="2026-03-30T20:21:12.2604149-07:00" endTime="2026-03-30T20:21:12.2604152-07:00" testType="13cdc9d9-ddb5-4fa4-a97d-d965ccfc6d4b" outcome="Passed" testListId="8c84fa94-04c1-424b-9868-57a2d4851a1d" relativeResultsDirectory="95feb5b2-7743-4880-a348-f64b88801392" />
    <UnitTestResult executionId="b12436c9-dcc5-48a5-b24e-cdd18af759de" testId="037e02df-f432-b133-df3e-22f2c7940837" testName="CobolSharp.Tests.Integration.FileIOTests.FileIO_CloseWithLock_PreventsReopen" computerName="COLOSSUS" duration="00:00:00.0613248" startTime="2026-03-30T20:21:12.6178522-07:00" endTime="2026-03-30T20:21:12.6178524-07:00" testType="13cdc9d9-ddb5-4fa4-a97d-d965ccfc6d4b" outcome="Passed" testListId="8c84fa94-04c1-424b-9868-57a2d4851a1d" relativeResultsDirectory="b12436c9-dcc5-48a5-b24e-cdd18af759de" />
    <UnitTestResult executionId="aed16739-e5f6-4c51-b946-72e5b4de3f3b" testId="f85f959f-a950-becb-38e1-2bb79beaac14" testName="CobolSharp.Tests.Integration.DataTests.ExternalClause_GroupItem_ParsesAndCompiles" computerName="COLOSSUS" duration="00:00:00.0404306" startTime="2026-03-30T20:21:12.9915332-07:00" endTime="2026-03-30T20:21:12.9915333-07:00" testType="13cdc9d9-ddb5-4fa4-a97d-d965ccfc6d4b" outcome="Passed" testListId="8c84fa94-04c1-424b-9868-57a2d4851a1d" relativeResultsDirectory="aed16739-e5f6-4c51-b946-72e5b4de3f3b" />
    <UnitTestResult executionId="0fbfdd4a-6c2b-41a3-b68c-0c96f31ca810" testId="4adef762-e382-6a67-b869-a7cf70df8aff" testName="CobolSharp.Tests.Integration.ControlFlowTests.GoToSection_JumpsToFirstParagraph" computerName="COLOSSUS" duration="00:00:00.0522629" startTime="2026-03-30T20:21:12.4988941-07:00" endTime="2026-03-30T20:21:12.4988941-07:00" testType="13cdc9d9-ddb5-4fa4-a97d-d965ccfc6d4b" outcome="Passed" testListId="8c84fa94-04c1-424b-9868-57a2d4851a1d" relativeResultsDirectory="0fbfdd4a-6c2b-41a3-b68c-0c96f31ca810" />
    <UnitTestResult executionId="31c62ffa-bf11-40e5-9119-a924a729e3f2" testId="1f919a0a-b8b7-850f-0ff0-f140a8c66546" testName="CobolSharp.Tests.Integration.FileIOTests.FileIO_WriteAdvancing_IdentifierLines" computerName="COLOSSUS" duration="00:00:00.0477885" startTime="2026-03-30T20:21:12.9380681-07:00" endTime="2026-03-30T20:21:12.9380684-07:00" testType="13cdc9d9-ddb5-4fa4-a97d-d965ccfc6d4b" outcome="Passed" testListId="8c84fa94-04c1-424b-9868-57a2d4851a1d" relativeResultsDirectory="31c62ffa-bf11-40e5-9119-a924a729e3f2" />
    <UnitTestResult executionId="98b3712e-78d6-48bf-95a3-f73dedc0eaf0" testId="f616797a-7aa4-9c09-d70b-8707ea48f512" testName="CobolSharp.Tests.Integration.ControlFlowTests.PerformThru_MultipleSentences" computerName="COLOSSUS" duration="00:00:00.0445020" startTime="2026-03-30T20:21:14.1889886-07:00" endTime="2026-03-30T20:21:14.1889891-07:00" testType="13cdc9d9-ddb5-4fa4-a97d-d965ccfc6d4b" outcome="Passed" testListId="8c84fa94-04c1-424b-9868-57a2d4851a1d" relativeResultsDirectory="98b3712e-78d6-48bf-95a3-f73dedc0eaf0" />
    <UnitTestResult executionId="17a06936-0f95-4c82-b2ac-ac44eda0871a" testId="93ca00d3-cf75-3a19-700c-12a66ef6b17e" testName="CobolSharp.Tests.Integration.ControlFlowTests.Evaluate_PartialMatchMustFail" computerName="COLOSSUS" duration="00:00:00.0468018" startTime="2026-03-30T20:21:13.9788915-07:00" endTime="2026-03-30T20:21:13.9788919-07:00" testType="13cdc9d9-ddb5-4fa4-a97d-d965ccfc6d4b" outcome="Passed" testListId="8c84fa94-04c1-424b-9868-57a2d4851a1d" relativeResultsDirectory="17a06936-0f95-4c82-b2ac-ac44eda0871a" />
    <UnitTestResult executionId="ecc75f75-52e1-43e6-b349-2a14ac821e95" testId="c48f26df-109d-522f-cb0d-433566a34f11" testName="CobolSharp.Tests.Integration.DataTests.Set_Index_UpByDownBy" computerName="COLOSSUS" duration="00:00:00.0533279" startTime="2026-03-30T20:21:12.6576868-07:00" endTime="2026-03-30T20:21:12.6576871-07:00" testType="13cdc9d9-ddb5-4fa4-a97d-d965ccfc6d4b" outcome="Passed" testListId="8c84fa94-04c1-424b-9868-57a2d4851a1d" relativeResultsDirectory="ecc75f75-52e1-43e6-b349-2a14ac821e95" />
    <UnitTestResult executionId="0422bf6e-3b7f-4488-bb5a-ddf201f0fae3" testId="33f1e9e8-f0c0-d3b8-78ce-22d30f51f2d5" testName="CobolSharp.Tests.Integration.ArithmeticTests.Add_ToSubscripted_GivingIdentifier" computerName="COLOSSUS" duration="00:00:00.0545714" startTime="2026-03-30T20:21:12.7612802-07:00" endTime="2026-03-30T20:21:12.7612804-07:00" testType="13cdc9d9-ddb5-4fa4-a97d-d965ccfc6d4b" outcome="Passed" testListId="8c84fa94-04c1-424b-9868-57a2d4851a1d" relativeResultsDirectory="0422bf6e-3b7f-4488-bb5a-ddf201f0fae3" />
    <UnitTestResult executionId="8a1fdd0f-96ab-4b12-9f5d-821b0717fc9d" testId="bf999cd9-ffdb-9082-3ee0-ff71bac4a114" testName="CobolSharp.Tests.Integration.SubscriptRefModTests.Subscript_InGoToDepending" computerName="COLOSSUS" duration="00:00:00.0614689" startTime="2026-03-30T20:21:13.1260983-07:00" endTime="2026-03-30T20:21:13.1260989-07:00" testType="13cdc9d9-ddb5-4fa4-a97d-d965ccfc6d4b" outcome="Passed" testListId="8c84fa94-04c1-424b-9868-57a2d4851a1d" relativeResultsDirectory="8a1fdd0f-96ab-4b12-9f5d-821b0717fc9d" />
    <UnitTestResult executionId="cd6b51fe-b9e2-4ed3-9a89-ca6e5bb35698" testId="41f5c650-a7d1-9a12-7ef4-b68134d88c8e" testName="CobolSharp.Tests.Integration.ControlFlowTests.PerformThru_StopsAtTarget" computerName="COLOSSUS" duration="00:00:00.0486429" startTime="2026-03-30T20:21:12.7179692-07:00" endTime="2026-03-30T20:21:12.7179696-07:00" testType="13cdc9d9-ddb5-4fa4-a97d-d965ccfc6d4b" outcome="Passed" testListId="8c84fa94-04c1-424b-9868-57a2d4851a1d" relativeResultsDirectory="cd6b51fe-b9e2-4ed3-9a89-ca6e5bb35698" />
    <UnitTestResult executionId="f26b0be1-2dd8-4307-afd6-ff18d48f2c7f" testId="4c1b00bd-e739-a372-4119-f2c894f9e5b0" testName="CobolSharp.Tests.Integration.StringTests.InspectReplacing_ReplacesCharacters" computerName="COLOSSUS" duration="00:00:00.0620507" startTime="2026-03-30T20:21:12.5755427-07:00" endTime="2026-03-30T20:21:12.5755431-07:00" testType="13cdc9d9-ddb5-4fa4-a97d-d965ccfc6d4b" outcome="Passed" testListId="8c84fa94-04c1-424b-9868-57a2d4851a1d" relativeResultsDirectory="f26b0be1-2dd8-4307-afd6-ff18d48f2c7f" />
    <UnitTestResult executionId="0a26cacc-aed7-42a7-98d9-0fad51776b5d" testId="9ad89c32-5fdc-5614-f225-9ff32bc423f4" testName="CobolSharp.Tests.Integration.ArithmeticTests.Multiply_SubscriptedOperand_Works" computerName="COLOSSUS" duration="00:00:00.0540892" startTime="2026-03-30T20:21:12.6531432-07:00" endTime="2026-03-30T20:21:12.6531434-07:00" testType="13cdc9d9-ddb5-4fa4-a97d-d965ccfc6d4b" outcome="Passed" testListId="8c84fa94-04c1-424b-9868-57a2d4851a1d" relativeResultsDirectory="0a26cacc-aed7-42a7-98d9-0fad51776b5d" />
    <UnitTestResult executionId="11478bab-61c0-4cfe-b1d1-b8b684d021e2" testId="59c6312a-be52-015b-ded8-348d9e2968fd" testName="CobolSharp.Tests.Integration.MiscTests.AcceptFromDate_6Digit" computerName="COLOSSUS" duration="00:00:00.0592941" startTime="2026-03-30T20:21:12.0698835-07:00" endTime="2026-03-30T20:21:12.0698838-07:00" testType="13cdc9d9-ddb5-4fa4-a97d-d965ccfc6d4b" outcome="Passed" testListId="8c84fa94-04c1-424b-9868-57a2d4851a1d" relativeResultsDirectory="11478bab-61c0-4cfe-b1d1-b8b684d021e2" />
    <UnitTestResult executionId="ea6871db-1999-44fa-b345-72bb7345e095" testId="4bad31c7-b765-576a-f85f-7a836b57daa0" testName="CobolSharp.Tests.Integration.MiscTests.AcceptFromDate_NoQualifier_Returns6Digits" computerName="COLOSSUS" duration="00:00:00.0679274" startTime="2026-03-30T20:21:12.1379103-07:00" endTime="2026-03-30T20:21:12.1379105-07:00" testType="13cdc9d9-ddb5-4fa4-a97d-d965ccfc6d4b" outcome="Passed" testListId="8c84fa94-04c1-424b-9868-57a2d4851a1d" relativeResultsDirectory="ea6871db-1999-44fa-b345-72bb7345e095" />
    <UnitTestResult executionId="ddfd6b17-d6ec-4d1a-a1e2-429a8c1ef725" testId="68e161e5-03d0-b51c-fd39-42c3d11505e2" testName="CobolSharp.Tests.Integration.ArithmeticTests.SubtractGiving_CorrectResult" computerName="COLOSSUS" duration="00:00:00.0570416" startTime="2026-03-30T20:21:12.5989506-07:00" endTime="2026-03-30T20:21:12.5989507-07:00" testType="13cdc9d9-ddb5-4fa4-a97d-d965ccfc6d4b" outcome="Passed" testListId="8c84fa94-04c1-424b-9868-57a2d4851a1d" relativeResultsDirectory="ddfd6b17-d6ec-4d1a-a1e2-429a8c1ef725" />
    <UnitTestResult executionId="5242e939-02b3-4708-99e6-e02ac2cc6609" testId="a8d84579-1750-048d-f995-a815f07b1027" testName="CobolSharp.Tests.Integration.ArithmeticTests.Add_SubscriptedOperand_Works" computerName="COLOSSUS" duration="00:00:00.0806873" startTime="2026-03-30T20:21:12.0308323-07:00" endTime="2026-03-30T20:21:12.0308326-07:00" testType="13cdc9d9-ddb5-4fa4-a97d-d965ccfc6d4b" outcome="Passed" testListId="8c84fa94-04c1-424b-9868-57a2d4851a1d" relativeResultsDirectory="5242e939-02b3-4708-99e6-e02ac2cc6609" />
    <UnitTestResult executionId="2255a56f-0218-4b5d-9551-9b6adc02cc24" testId="937826db-2063-efba-77f6-da88c8c4eed2" testName="CobolSharp.Tests.Integration.FileIOTests.FileIO_WriteAndReadBack" computerName="COLOSSUS" duration="00:00:00.0461110" startTime="2026-03-30T20:21:13.1824648-07:00" endTime="2026-03-30T20:21:13.1824649-07:00" testType="13cdc9d9-ddb5-4fa4-a97d-d965ccfc6d4b" outcome="Passed" testListId="8c84fa94-04c1-424b-9868-57a2d4851a1d" relativeResultsDirectory="2255a56f-0218-4b5d-9551-9b6adc02cc24" />
    <UnitTestResult executionId="f1167b6f-c2cf-4855-bdc6-d68d43ef316c" testId="8fc9abae-0731-97be-aa02-7dd182ff3b5c" testName="CobolSharp.Tests.Integration.ControlFlowTests.ExitParagraph_SkipsRemainingStatements" computerName="COLOSSUS" duration="00:00:00.0457764" startTime="2026-03-30T20:21:13.3522662-07:00" endTime="2026-03-30T20:21:13.3522664-07:00" testType="13cdc9d9-ddb5-4fa4-a97d-d965ccfc6d4b" outcome="Passed" testListId="8c84fa94-04c1-424b-9868-57a2d4851a1d" relativeResultsDirectory="f1167b6f-c2cf-4855-bdc6-d68d43ef316c" />
    <UnitTestResult executionId="abeab320-e7b9-4d7b-9f86-afa2015b31b6" testId="75550dd6-fb26-68c2-2ec2-e1d48b9586ec" testName="CobolSharp.Tests.Integration.SortMergeTests.SortDescending_SortsRecordsDescending" computerName="COLOSSUS" duration="00:00:00.0912106" startTime="2026-03-30T20:21:12.0622028-07:00" endTime="2026-03-30T20:21:12.0622031-07:00" testType="13cdc9d9-ddb5-4fa4-a97d-d965ccfc6d4b" outcome="Passed" testListId="8c84fa94-04c1-424b-9868-57a2d4851a1d" relativeResultsDirectory="abeab320-e7b9-4d7b-9f86-afa2015b31b6" />
    <UnitTestResult executionId="cba1647e-1441-4f30-b1d4-3a8ea0ebda86" testId="c3075d4f-a675-7012-b568-0f8badc17811" testName="CobolSharp.Tests.Integration.IntrinsicFunctionTests.Function_UpperCase_ConvertsString" computerName="COLOSSUS" duration="00:00:00.0461385" startTime="2026-03-30T20:21:13.4409921-07:00" endTime="2026-03-30T20:21:13.4409924-07:00" testType="13cdc9d9-ddb5-4fa4-a97d-d965ccfc6d4b" outcome="Passed" testListId="8c84fa94-04c1-424b-9868-57a2d4851a1d" relativeResultsDirectory="cba1647e-1441-4f30-b1d4-3a8ea0ebda86" />
    <UnitTestResult executionId="b3efc75f-93f2-4137-9a60-cc38bc087413" testId="8036b777-e992-f013-e2ec-740a6b98b768" testName="CobolSharp.Tests.Integration.FileIOTests.FileIO_Delete_IndexedFile" computerName="COLOSSUS" duration="00:00:00.0579306" startTime="2026-03-30T20:21:13.1362998-07:00" endTime="2026-03-30T20:21:13.1363000-07:00" testType="13cdc9d9-ddb5-4fa4-a97d-d965ccfc6d4b" outcome="Passed" testListId="8c84fa94-04c1-424b-9868-57a2d4851a1d" relativeResultsDirectory="b3efc75f-93f2-4137-9a60-cc38bc087413" />
    <UnitTestResult executionId="05f7ac7d-af88-4055-b3f3-ac0efe4220c5" testId="757905a5-9582-f56a-5f47-eb004abf8ef2" testName="CobolSharp.Tests.Integration.ControlFlowTests.PerformUntil_DecrementToZero" computerName="COLOSSUS" duration="00:00:00.0462746" startTime="2026-03-30T20:21:12.8125731-07:00" endTime="2026-03-30T20:21:12.8125733-07:00" testType="13cdc9d9-ddb5-4fa4-a97d-d965ccfc6d4b" outcome="Passed" testListId="8c84fa94-04c1-424b-9868-57a2d4851a1d" relativeResultsDirectory="05f7ac7d-af88-4055-b3f3-ac0efe4220c5" />
    <UnitTestResult executionId="7ba41329-23f4-4266-aea8-5d41ad4b9900" testId="c4542d7d-a65a-65d5-96a8-face4dee43cd" testName="CobolSharp.Tests.Integration.SubscriptRefModTests.SearchAll_ChildOfOccursGroup" computerName="COLOSSUS" duration="00:00:00.0454539" startTime="2026-03-30T20:21:13.4573520-07:00" endTime="2026-03-30T20:21:13.4573524-07:00" testType="13cdc9d9-ddb5-4fa4-a97d-d965ccfc6d4b" outcome="Passed" testListId="8c84fa94-04c1-424b-9868-57a2d4851a1d" relativeResultsDirectory="7ba41329-23f4-4266-aea8-5d41ad4b9900" />
    <UnitTestResult executionId="eeebbe5e-7b79-4431-a762-782a9d9b5632" testId="475c7374-ec31-df25-5e2a-1368e25977b6" testName="CobolSharp.Tests.Integration.DataTests.LocalStorage_SingleProgram_ValuePreserved" computerName="COLOSSUS" duration="00:00:00.0724680" startTime="2026-03-30T20:21:11.8814022-07:00" endTime="2026-03-30T20:21:11.8814023-07:00" testType="13cdc9d9-ddb5-4fa4-a97d-d965ccfc6d4b" outcome="Passed" testListId="8c84fa94-04c1-424b-9868-57a2d4851a1d" relativeResultsDirectory="eeebbe5e-7b79-4431-a762-782a9d9b5632" />
    <UnitTestResult executionId="e6940de7-4f59-4b70-b1e9-2144d7943b94" testId="8f856b17-976d-f4ce-3c25-4c8c842d1b56" testName="CobolSharp.Tests.Integration.FileIOTests.FileIO_FileStatus02_DuplicateAlternateKey" computerName="COLOSSUS" duration="00:00:00.0465074" startTime="2026-03-30T20:21:13.3683704-07:00" endTime="2026-03-30T20:21:13.3683707-07:00" testType="13cdc9d9-ddb5-4fa4-a97d-d965ccfc6d4b" outcome="Passed" testListId="8c84fa94-04c1-424b-9868-57a2d4851a1d" relativeResultsDirectory="e6940de7-4f59-4b70-b1e9-2144d7943b94" />
    <UnitTestResult executionId="cea91316-5643-44d6-b6d2-0ea882330608" testId="301e5c85-d885-322c-7be2-611540c5908b" testName="CobolSharp.Tests.Integration.DataTests.External_SharedStorage_TwoPrograms" computerName="COLOSSUS" duration="00:00:00.0550875" startTime="2026-03-30T20:21:13.7800556-07:00" endTime="2026-03-30T20:21:13.7800560-07:00" testType="13cdc9d9-ddb5-4fa4-a97d-d965ccfc6d4b" outcome="Passed" testListId="8c84fa94-04c1-424b-9868-57a2d4851a1d" relativeResultsDirectory="cea91316-5643-44d6-b6d2-0ea882330608" />
    <UnitTestResult executionId="68cff634-d157-4682-80f3-759a0c0eb36c" testId="2906b201-7729-3aac-e2c0-f32c5e1d0bca" testName="CobolSharp.Tests.Integration.DataTests.Comp5_Computational5_FullWord_Parses" computerName="COLOSSUS" duration="00:00:00.0396407" startTime="2026-03-30T20:21:14.1259696-07:00" endTime="2026-03-30T20:21:14.1259704-07:00" testType="13cdc9d9-ddb5-4fa4-a97d-d965ccfc6d4b" outcome="Passed" testListId="8c84fa94-04c1-424b-9868-57a2d4851a1d" relativeResultsDirectory="68cff634-d157-4682-80f3-759a0c0eb36c" />
    <UnitTestResult executionId="dd9daa03-31f3-419e-aaa9-7261ba8296bc" testId="112909a5-ced2-c3d8-b2bf-9a5852860ac5" testName="CobolSharp.Tests.Integration.SubscriptRefModTests.Search_NotFound" computerName="COLOSSUS" duration="00:00:00.0470168" startTime="2026-03-30T20:21:13.7192787-07:00" endTime="2026-03-30T20:21:13.7192791-07:00" testType="13cdc9d9-ddb5-4fa4-a97d-d965ccfc6d4b" outcome="Passed" testListId="8c84fa94-04c1-424b-9868-57a2d4851a1d" relativeResultsDirectory="dd9daa03-31f3-419e-aaa9-7261ba8296bc" />
    <UnitTestResult executionId="677ca451-26cc-400f-841a-c7724577171e" testId="f78d9b58-436c-f304-7375-fbf75eed616f" testName="CobolSharp.Tests.Integration.DataTests.MoveNumeric_ToEdited_ZeroSuppressed" computerName="COLOSSUS" duration="00:00:00.0758260" startTime="2026-03-30T20:21:12.1034857-07:00" endTime="2026-03-30T20:21:12.1034859-07:00" testType="13cdc9d9-ddb5-4fa4-a97d-d965ccfc6d4b" outcome="Passed" testListId="8c84fa94-04c1-424b-9868-57a2d4851a1d" relativeResultsDirectory="677ca451-26cc-400f-841a-c7724577171e" />
    <UnitTestResult executionId="12b111c1-e769-4627-a0fc-2211b5034302" testId="8ade0c21-7430-9377-b408-b09a249c2ba3" testName="CobolSharp.Tests.Integration.ControlFlowTests.Evaluate_MultiSubjectAlsoExactMatch" computerName="COLOSSUS" duration="00:00:00.0405036" startTime="2026-03-30T20:21:13.7616077-07:00" endTime="2026-03-30T20:21:13.7616078-07:00" testType="13cdc9d9-ddb5-4fa4-a97d-d965ccfc6d4b" outcome="Passed" testListId="8c84fa94-04c1-424b-9868-57a2d4851a1d" relativeResultsDirectory="12b111c1-e769-4627-a0fc-2211b5034302" />
    <UnitTestResult executionId="a51eb2f6-88c0-46ab-9829-2c1efe9fdc84" testId="299064e5-9da2-4509-fd37-d7c6b7c63928" testName="CobolSharp.Tests.Integration.ControlFlowTests.ExitPerform_LeavesLoopEarly" computerName="COLOSSUS" duration="00:00:00.0481779" startTime="2026-03-30T20:21:12.7662208-07:00" endTime="2026-03-30T20:21:12.7662209-07:00" testType="13cdc9d9-ddb5-4fa4-a97d-d965ccfc6d4b" outcome="Passed" testListId="8c84fa94-04c1-424b-9868-57a2d4851a1d" relativeResultsDirectory="a51eb2f6-88c0-46ab-9829-2c1efe9fdc84" />
    <UnitTestResult executionId="ac2565fb-cb8d-4979-96e0-bf864954fdf4" testId="d75c23ca-433a-9610-0b86-da38283cd0ce" testName="CobolSharp.Tests.Integration.ConditionTests.AbbreviatedRelation_GreaterAndBare" computerName="COLOSSUS" duration="00:00:00.0621367" startTime="2026-03-30T20:21:12.3635572-07:00" endTime="2026-03-30T20:21:12.3635572-07:00" testType="13cdc9d9-ddb5-4fa4-a97d-d965ccfc6d4b" outcome="Passed" testListId="8c84fa94-04c1-424b-9868-57a2d4851a1d" relativeResultsDirectory="ac2565fb-cb8d-4979-96e0-bf864954fdf4" />
    <UnitTestResult executionId="a1faa9c6-a858-44d5-9448-67e2d9c0a0c7" testId="32a0e276-a73d-6c9c-5933-19db88833a40" testName="CobolSharp.Tests.Integration.ArithmeticTests.Divide_ByLiteral_GivingIdentifier" computerName="COLOSSUS" duration="00:00:00.0534296" startTime="2026-03-30T20:21:12.7066454-07:00" endTime="2026-03-30T20:21:12.7066455-07:00" testType="13cdc9d9-ddb5-4fa4-a97d-d965ccfc6d4b" outcome="Passed" testListId="8c84fa94-04c1-424b-9868-57a2d4851a1d" relativeResultsDirectory="a1faa9c6-a858-44d5-9448-67e2d9c0a0c7" />
    <UnitTestResult executionId="42df3130-1bc7-469d-96c4-84bccc7ba92e" testId="697b6bcb-e43d-dbac-d514-0bbf20d0883d" testName="CobolSharp.Tests.Integration.SubscriptRefModTests.Subscript_ExpressionSubscript_Multiplication" computerName="COLOSSUS" duration="00:00:00.0010000" startTime="2026-03-30T20:21:11.9127268-07:00" endTime="2026-03-30T20:21:11.9127269-07:00" testType="13cdc9d9-ddb5-4fa4-a97d-d965ccfc6d4b" outcome="NotExecuted" testListId="8c84fa94-04c1-424b-9868-57a2d4851a1d" relativeResultsDirectory="42df3130-1bc7-469d-96c4-84bccc7ba92e">
      <Output>
        <ErrorInfo>
          <Message>COBOL-2002: general arithmetic in subscripts not valid in COBOL-85</Message>
        </ErrorInfo>
      </Output>
    </UnitTestResult>
[...]
    <TestEntry testId="ff61e23e-e1ff-c233-a9d3-4ab67db937e3" executionId="81a49ed5-fbcf-49dd-93bf-b0814444b3e9" testListId="8c84fa94-04c1-424b-9868-57a2d4851a1d" />
    <TestEntry testId="922ffe5b-5a1c-a747-f3ab-c25668f06377" executionId="f4119834-2d8d-4923-98ad-3a5313205db6" testListId="8c84fa94-04c1-424b-9868-57a2d4851a1d" />
    <TestEntry testId="f353dfee-0b70-c558-cf6b-371ce05e3730" executionId="c2dced86-4231-4da6-bc1b-b6b935dc2155" testListId="8c84fa94-04c1-424b-9868-57a2d4851a1d" />
    <TestEntry testId="92dec52c-6181-4f4b-c3a3-41f702c87919" executionId="77edfe7f-81f3-451f-81f1-a011b81e0923" testListId="8c84fa94-04c1-424b-9868-57a2d4851a1d" />
    <TestEntry testId="7b52a37c-0787-0c0f-3968-47e7bed47b33" executionId="2356e5f3-0aa4-4ae9-8669-7ed0882bea03" testListId="8c84fa94-04c1-424b-9868-57a2d4851a1d" />
    <TestEntry testId="8dc7cd8b-3305-e981-a57a-07a181307712" executionId="37dffe2b-74e5-4ad8-bd93-d381468894a9" testListId="8c84fa94-04c1-424b-9868-57a2d4851a1d" />
    <TestEntry testId="966b6b6e-31dc-6afa-443d-e5407ac7c54b" executionId="0fa8ceb2-aa6d-4849-961d-bd0f345e8a32" testListId="8c84fa94-04c1-424b-9868-57a2d4851a1d" />
    <TestEntry testId="0de52441-9198-ff9a-e75b-d43c872b5693" executionId="e97d9a8d-f32c-428d-a077-c37ca3d9fdaf" testListId="8c84fa94-04c1-424b-9868-57a2d4851a1d" />
    <TestEntry testId="505abbdd-b1ad-3c97-c880-76c0d918670f" executionId="0d1cee8a-6d81-4995-a336-9cc6c6dd79ac" testListId="8c84fa94-04c1-424b-9868-57a2d4851a1d" />
    <TestEntry testId="5110001e-f313-8dfb-2a3a-f0bb33fe3cd9" executionId="0f6e2f40-f1f1-4b98-8864-bbda506c8a74" testListId="8c84fa94-04c1-424b-9868-57a2d4851a1d" />
    <TestEntry testId="e0733d49-42d7-a881-4b24-9cb37f21341a" executionId="81c6b5f1-8e85-498f-b98d-49f8b3144a2b" testListId="8c84fa94-04c1-424b-9868-57a2d4851a1d" />
    <TestEntry testId="c6e1e348-2999-cc7c-f0dd-0e1326f588d8" executionId="6dbf0512-b2fb-4840-ae7c-f0279059c7cc" testListId="8c84fa94-04c1-424b-9868-57a2d4851a1d" />
    <TestEntry testId="009d05a5-7205-28d6-01e1-8a1ab48712f4" executionId="8e54acc0-d375-47dc-b630-d9b755c9f661" testListId="8c84fa94-04c1-424b-9868-57a2d4851a1d" />
    <TestEntry testId="e976e2fc-bc46-d7ce-7b31-090949a415bb" executionId="8bb2a415-c64c-45aa-8163-435e0d4e4df9" testListId="8c84fa94-04c1-424b-9868-57a2d4851a1d" />
    <TestEntry testId="4e111ed8-3be4-2e1a-51d9-81baf165fe7f" executionId="21bc834f-78ea-4820-8cf5-ce845c04639c" testListId="8c84fa94-04c1-424b-9868-57a2d4851a1d" />
    <TestEntry testId="01ba512b-32bf-f20c-fd12-846f521728c5" executionId="3a82db1a-2c1b-4ccf-adc0-c9034583beee" testListId="8c84fa94-04c1-424b-9868-57a2d4851a1d" />
    <TestEntry testId="06d9323f-99b0-5c0e-e2c8-d3ffb9db8f39" executionId="482c0d74-006e-4f22-9121-538f75c8cd58" testListId="8c84fa94-04c1-424b-9868-57a2d4851a1d" />
    <TestEntry testId="b3cf9690-41f8-6e25-6143-e5cac755aa26" executionId="53470d16-1ccb-4788-ab9f-4747a083555c" testListId="8c84fa94-04c1-424b-9868-57a2d4851a1d" />
    <TestEntry testId="39b95967-7889-2372-bcb4-79a023382878" executionId="340f43b4-14c5-429b-b1da-8588f8f95505" testListId="8c84fa94-04c1-424b-9868-57a2d4851a1d" />
    <TestEntry testId="1668a959-2831-2026-fb9a-5124f711c8e2" executionId="0445a3cb-d0e5-4ec2-a51f-50c7c2b825f9" testListId="8c84fa94-04c1-424b-9868-57a2d4851a1d" />
    <TestEntry testId="ba8bcf34-db39-34b3-dfc4-05173771fb52" executionId="a434b7a5-e996-42e2-b5a4-b8595c4c42b9" testListId="8c84fa94-04c1-424b-9868-57a2d4851a1d" />
    <TestEntry testId="45820155-10ae-a5c9-b49c-23487537f8b3" executionId="5f1df518-4eec-4dd1-b5b2-2bf38211506f" testListId="8c84fa94-04c1-424b-9868-57a2d4851a1d" />
    <TestEntry testId="23e5fb78-1c7e-2519-b7d6-788931e24dc3" executionId="c570d6e4-b3de-4bd1-9067-7bffa657e279" testListId="8c84fa94-04c1-424b-9868-57a2d4851a1d" />
    <TestEntry testId="44adaf39-65f4-5585-f02d-1da954785e96" executionId="78c871a1-d439-40a6-a9f4-323ea8d5bf51" testListId="8c84fa94-04c1-424b-9868-57a2d4851a1d" />
    <TestEntry testId="18db78b6-bd03-547d-b400-4573cf8ad066" executionId="c0f6a7c6-beee-4677-9320-e4c7ca8825c6" testListId="8c84fa94-04c1-424b-9868-57a2d4851a1d" />
    <TestEntry testId="cd2cb1f7-806d-f2be-8d84-34205b204ca6" executionId="8ab45f63-ce09-459b-a696-c9af21a0b877" testListId="8c84fa94-04c1-424b-9868-57a2d4851a1d" />
    <TestEntry testId="4f3001d3-7677-d5b9-28de-c665c0f59272" executionId="83477afc-d511-402b-8a1d-b518bb57cbbd" testListId="8c84fa94-04c1-424b-9868-57a2d4851a1d" />
    <TestEntry testId="5fd6dfea-7665-bfc6-122b-b4b233b4dec5" executionId="13caa7d8-53e8-4e62-b86f-98af2676faea" testListId="8c84fa94-04c1-424b-9868-57a2d4851a1d" />
    <TestEntry testId="03caef21-deb5-3d54-0420-203ff61609f5" executionId="3d4b8cf3-5d5f-4b71-999e-3a3d44f9bda7" testListId="8c84fa94-04c1-424b-9868-57a2d4851a1d" />
    <TestEntry testId="9fc86ff9-3296-6fa4-0144-762198727eda" executionId="af1e1c14-b603-4e44-8baf-a18504c5e138" testListId="8c84fa94-04c1-424b-9868-57a2d4851a1d" />
    <TestEntry testId="52aad004-ace8-f29e-72f4-0bf80089d8d0" executionId="1d21c8b6-15ed-461e-8c93-f7d4fcbf696a" testListId="8c84fa94-04c1-424b-9868-57a2d4851a1d" />
    <TestEntry testId="f465e348-b402-21ec-1905-6969c050022a" executionId="713b7483-7c53-404a-ae62-610dbfc6dab6" testListId="8c84fa94-04c1-424b-9868-57a2d4851a1d" />
    <TestEntry testId="d60f63ff-c9f0-ba11-4021-7cda90369ce3" executionId="0870e561-0b68-40f3-88d4-b4df671d7135" testListId="8c84fa94-04c1-424b-9868-57a2d4851a1d" />
    <TestEntry testId="fa63ec6c-271c-297d-06f3-daa849acb834" executionId="28feebd4-66e4-4fa6-842d-25fd3cf60514" testListId="8c84fa94-04c1-424b-9868-57a2d4851a1d" />
    <TestEntry testId="23b3991f-6d1c-0fc8-6d87-c21d8a26abff" executionId="8551e3da-69a5-45b3-8bf7-4684159a94b0" testListId="8c84fa94-04c1-424b-9868-57a2d4851a1d" />
    <TestEntry testId="fe10e416-99a9-6ca5-1719-660629e4410e" executionId="1704f371-8d22-4998-9965-1944e3246e27" testListId="8c84fa94-04c1-424b-9868-57a2d4851a1d" />
    <TestEntry testId="247d718c-20c5-1ff1-c9f5-bc3e58f33324" executionId="ce56f9fb-47f8-42e6-b1cb-431e3e14fe89" testListId="8c84fa94-04c1-424b-9868-57a2d4851a1d" />
    <TestEntry testId="85e50aa7-5bea-bedb-625b-9a2e627153a2" executionId="69549832-3b7c-462b-b979-eaa62b9aabb1" testListId="8c84fa94-04c1-424b-9868-57a2d4851a1d" />
    <TestEntry testId="e0b480da-4898-fa0b-ddde-1d912058906b" executionId="b3c73803-535c-4945-a110-1ec8bb48a213" testListId="8c84fa94-04c1-424b-9868-57a2d4851a1d" />
    <TestEntry testId="68b19c28-07c4-24c3-0b0e-c754eff46d8c" executionId="bb54110b-01a8-4874-a324-74ec73304927" testListId="8c84fa94-04c1-424b-9868-57a2d4851a1d" />
    <TestEntry testId="d37b837f-1fc4-739d-df26-80e99e1dce5c" executionId="baa8afca-bb6e-46ab-b8ec-21590bc4c2a2" testListId="8c84fa94-04c1-424b-9868-57a2d4851a1d" />
    <TestEntry testId="88c159ce-96a7-2879-4d7b-b15a0d05e15e" executionId="21873f93-28ec-41e2-9f1f-8afad37cc38b" testListId="8c84fa94-04c1-424b-9868-57a2d4851a1d" />
    <TestEntry testId="e5c458c0-ac34-2f42-9f19-23dd53b71367" executionId="3301b5b1-2205-43c2-b6db-1111f134aa9b" testListId="8c84fa94-04c1-424b-9868-57a2d4851a1d" />
    <TestEntry testId="d0262e39-0348-7034-87ce-a07c3c781f55" executionId="c304aeb1-bcf1-4959-984d-6c610b41ad70" testListId="8c84fa94-04c1-424b-9868-57a2d4851a1d" />
    <TestEntry testId="2bfe9292-16af-35a9-169b-4335ea445adf" executionId="9aa849f8-1181-4b4c-a1fe-5aebe73ef63a" testListId="8c84fa94-04c1-424b-9868-57a2d4851a1d" />
    <TestEntry testId="ea3495ca-6216-b6e9-061a-df2889961c79" executionId="7788b4d2-4651-492a-9026-fa24b6b02dff" testListId="8c84fa94-04c1-424b-9868-57a2d4851a1d" />
    <TestEntry testId="b4a5f241-44a0-aaaa-39e4-e27b5a17f873" executionId="a6d49d48-2323-4773-8aa3-cbe1775d5d52" testListId="8c84fa94-04c1-424b-9868-57a2d4851a1d" />
    <TestEntry testId="78aa7ae4-b82b-e991-2a8c-855b95c535d0" executionId="7dbba82c-45eb-46d3-a39b-930a13b7cccf" testListId="8c84fa94-04c1-424b-9868-57a2d4851a1d" />
    <TestEntry testId="60b53779-244b-95c9-93f0-b484e7fabd1b" executionId="dd3cdb0c-a15f-44e2-bdd4-373e472d0dc4" testListId="8c84fa94-04c1-424b-9868-57a2d4851a1d" />
    <TestEntry testId="d1c0d45c-39c0-9441-3906-9437cb08819d" executionId="9385e6ae-fcad-4f62-a205-836477ca966e" testListId="8c84fa94-04c1-424b-9868-57a2d4851a1d" />
    <TestEntry testId="1201cbec-8d6b-90e6-9a89-00d5edc274f3" executionId="c444b517-c88a-424e-8d32-40b3b6700582" testListId="8c84fa94-04c1-424b-9868-57a2d4851a1d" />
    <TestEntry testId="b91e8afa-22ab-0e0a-2410-aeff0aacae50" executionId="d0ce9f72-4920-4294-9bfe-76e820b62f2e" testListId="8c84fa94-04c1-424b-9868-57a2d4851a1d" />
    <TestEntry testId="8392ab75-4a6c-3f21-b052-15eef8430ab7" executionId="dc23376a-8b30-4c31-ae79-d1066e381fc0" testListId="8c84fa94-04c1-424b-9868-57a2d4851a1d" />
    <TestEntry testId="075f83ce-9582-9523-16e1-94710d1c44ce" executionId="1ee8f0a1-d8b4-4740-b5c0-266c56d707cc" testListId="8c84fa94-04c1-424b-9868-57a2d4851a1d" />
    <TestEntry testId="45ee94a0-e831-39bd-dd7a-bbf76bf7c761" executionId="057fad1c-4bcd-4694-8bb5-70edae67920f" testListId="8c84fa94-04c1-424b-9868-57a2d4851a1d" />
    <TestEntry testId="a7bcb342-e454-f533-71cc-09b57aa07590" executionId="b5ba2d8f-0d5b-4309-82e3-1ffcb35d866c" testListId="8c84fa94-04c1-424b-9868-57a2d4851a1d" />
    <TestEntry testId="5693e228-647d-6c44-bfea-b4efb5a4bc78" executionId="3469062f-bda6-4be6-a199-c312b5d9f486" testListId="8c84fa94-04c1-424b-9868-57a2d4851a1d" />
    <TestEntry testId="adc6a1d7-e382-e5bc-c3c3-ee70eede6253" executionId="00af1891-34da-4fc4-85ea-6eb891f72f06" testListId="8c84fa94-04c1-424b-9868-57a2d4851a1d" />
    <TestEntry testId="289920e5-4a92-7fe6-93b2-c9a974dbe14f" executionId="1d8140fa-29bb-40d8-b03e-edc45aaa4d3d" testListId="8c84fa94-04c1-424b-9868-57a2d4851a1d" />
    <TestEntry testId="e78f5e9b-0610-e464-8cba-9c4026ef66e1" executionId="705d8e93-c75b-479d-b2a6-af21ca146c3a" testListId="8c84fa94-04c1-424b-9868-57a2d4851a1d" />
    <TestEntry testId="a207cbd2-0aed-2f99-f0f7-16fdf2fc5fe4" executionId="49087201-c883-449f-be4a-a8abc793e5f2" testListId="8c84fa94-04c1-424b-9868-57a2d4851a1d" />
    <TestEntry testId="3e803725-c201-efc4-b34f-f97c1909d894" executionId="5da1d28e-6f00-4233-827f-5465d4de8bfc" testListId="8c84fa94-04c1-424b-9868-57a2d4851a1d" />
    <TestEntry testId="1b9f2881-c895-b5c1-b9dc-16d00489c886" executionId="57eeba58-bfa6-422c-9d03-86b4d5c564e2" testListId="8c84fa94-04c1-424b-9868-57a2d4851a1d" />
    <TestEntry testId="abc3b53e-f381-5f62-ea34-cfa60871c83e" executionId="81eb182f-750d-4cdb-a2ad-b28e5507ad95" testListId="8c84fa94-04c1-424b-9868-57a2d4851a1d" />
    <TestEntry testId="5998d277-8b7f-59fc-ba8b-e1f45c5eb879" executionId="91c93c71-6e25-4e97-8c80-456d5715e1d5" testListId="8c84fa94-04c1-424b-9868-57a2d4851a1d" />
    <TestEntry testId="2808fe2b-0b78-1e95-5b5a-1d8c0b278892" executionId="f4b430c3-bb7c-4648-8bf3-ce1cd670970b" testListId="8c84fa94-04c1-424b-9868-57a2d4851a1d" />
    <TestEntry testId="0db94ac3-3c13-5d9c-78ac-4c5a1c503068" executionId="92f61776-c32e-436d-b914-1a3702238790" testListId="8c84fa94-04c1-424b-9868-57a2d4851a1d" />
    <TestEntry testId="ff5fabbf-3822-d7a1-0146-02129d441bfe" executionId="cddf605d-3788-40fe-aa77-ad3f0f54ce07" testListId="8c84fa94-04c1-424b-9868-57a2d4851a1d" />
    <TestEntry testId="5a8f173f-5017-3258-963a-324abe7e2e7e" executionId="92477dff-518f-41de-aaa0-4e8528718b09" testListId="8c84fa94-04c1-424b-9868-57a2d4851a1d" />
    <TestEntry testId="955a6d4e-1d57-d6e9-c3ec-1a2e9ab985a8" executionId="4d630262-9ce0-49f9-a318-6616cc10a6ce" testListId="8c84fa94-04c1-424b-9868-57a2d4851a1d" />
    <TestEntry testId="19f411ca-99a4-2b89-53ac-457184a4065e" executionId="2b53c426-40be-40a7-b7db-b38ad5adccc4" testListId="8c84fa94-04c1-424b-9868-57a2d4851a1d" />
    <TestEntry testId="fabcc93b-8e1e-0da9-a3b9-8d9fc3b804d2" executionId="9a5d3b23-617c-485c-bd47-38b177d59fbc" testListId="8c84fa94-04c1-424b-9868-57a2d4851a1d" />
    <TestEntry testId="c1943fd0-a66e-5d34-fe50-58119e21cb9a" executionId="48288767-7718-43bb-803d-ac45145d5bd9" testListId="8c84fa94-04c1-424b-9868-57a2d4851a1d" />
    <TestEntry testId="0e6c91af-4679-e135-f7ba-70b2f76f59c3" executionId="6a3b94fa-252f-4fab-8637-c78d370d7836" testListId="8c84fa94-04c1-424b-9868-57a2d4851a1d" />
    <TestEntry testId="30157047-cbdd-4b32-4f1a-15670d34b042" executionId="09e94e0f-3f50-4c31-ae1e-a2ea5368a953" testListId="8c84fa94-04c1-424b-9868-57a2d4851a1d" />
    <TestEntry testId="7a8eafae-f6e1-8889-650a-593153c24d77" executionId="bd1b1aa9-8e7f-4163-aead-92fffbd5947c" testListId="8c84fa94-04c1-424b-9868-57a2d4851a1d" />
    <TestEntry testId="58ffa615-d01a-beda-fa44-33eb25f7edf9" executionId="332ddc65-28e8-47a5-aa9f-82e3242b2830" testListId="8c84fa94-04c1-424b-9868-57a2d4851a1d" />
    <TestEntry testId="752a49e0-a515-d14f-a6e2-89866451e728" executionId="b2d9b5cc-f0f6-4bb7-bd6c-eafa5f1b3089" testListId="8c84fa94-04c1-424b-9868-57a2d4851a1d" />
    <TestEntry testId="2f3f2ddd-4a0a-8161-61a8-650343bb7cc7" executionId="ec64e0d9-daf9-42cb-a985-51e716d5c319" testListId="8c84fa94-04c1-424b-9868-57a2d4851a1d" />
    <TestEntry testId="d3393f4d-b1a5-84ab-4273-4726a5a4979b" executionId="0a936d47-2f08-4ebf-a479-142fe091e827" testListId="8c84fa94-04c1-424b-9868-57a2d4851a1d" />
    <TestEntry testId="9847387f-9335-249a-de4f-908c1e8bd5fc" executionId="26f34a46-f665-4df8-bd3a-d34b5abf10e3" testListId="8c84fa94-04c1-424b-9868-57a2d4851a1d" />
    <TestEntry testId="40e0d99d-a0bc-dbbb-20af-6735c5bea9c8" executionId="d5d42378-4b4b-4874-9c60-2a2bd8bcf597" testListId="8c84fa94-04c1-424b-9868-57a2d4851a1d" />
    <TestEntry testId="35a773b8-1b5d-472c-4224-bd6cd32ac805" executionId="d75bad66-9e97-4a0f-ae2e-7c667617673b" testListId="8c84fa94-04c1-424b-9868-57a2d4851a1d" />
    <TestEntry testId="62bdbf36-7c56-64fb-dafb-50e686d758a2" executionId="3f7ddae0-c24c-4f31-8750-04dd409cfcc7" testListId="8c84fa94-04c1-424b-9868-57a2d4851a1d" />
    <TestEntry testId="77c5bfbc-8415-2351-144d-0296a0690727" executionId="eb531ddd-a389-462c-80d8-28d5597e9f5f" testListId="8c84fa94-04c1-424b-9868-57a2d4851a1d" />
    <TestEntry testId="2788c56c-e56c-6049-9697-311c86abbbfa" executionId="3abf8076-78a7-45b8-832c-96e0e090b854" testListId="8c84fa94-04c1-424b-9868-57a2d4851a1d" />
    <TestEntry testId="fe486f2d-ffb7-95e6-a8e3-c6fea0e097c3" executionId="76ad2e2b-b1d6-4d41-9050-749170689819" testListId="8c84fa94-04c1-424b-9868-57a2d4851a1d" />
    <TestEntry testId="1e2f5823-7a61-6c39-a558-c76c1cb41c86" executionId="bcee2ece-ca3e-4bf1-a5a5-919b110af54f" testListId="8c84fa94-04c1-424b-9868-57a2d4851a1d" />
    <TestEntry testId="07db52f7-811d-297d-4b45-067a3b9b7a68" executionId="d88ee264-80f2-457e-bd28-3ba3ec5c9995" testListId="8c84fa94-04c1-424b-9868-57a2d4851a1d" />
    <TestEntry testId="ffd20c0e-02ef-0891-863c-e05a615c79b1" executionId="c355fe0d-f06c-4f05-b895-4d839233532f" testListId="8c84fa94-04c1-424b-9868-57a2d4851a1d" />
    <TestEntry testId="98784bd4-afa7-22f8-741e-d93df7eb71c2" executionId="d367de22-ae19-4ffd-bfa1-c9691fec582a" testListId="8c84fa94-04c1-424b-9868-57a2d4851a1d" />
    <TestEntry testId="42bb3603-6d6c-2e51-695f-fcc8c663251c" executionId="a674c8d0-cf3c-4341-a721-27d411cd1413" testListId="8c84fa94-04c1-424b-9868-57a2d4851a1d" />
    <TestEntry testId="f27b86ac-d6b0-dbe7-3856-a282ce81bbe6" executionId="07ed3bbe-b885-4096-a52a-4189d08954e0" testListId="8c84fa94-04c1-424b-9868-57a2d4851a1d" />
    <TestEntry testId="e8cd16c9-d827-3386-b6ca-c2ebeae64ba0" executionId="5265cb56-b24a-4680-9412-ee11ae709406" testListId="8c84fa94-04c1-424b-9868-57a2d4851a1d" />
    <TestEntry testId="065b3499-af88-490b-3296-5c55b55b08e2" executionId="9b338dc1-5e50-42e1-b1a8-ed75b215dc4d" testListId="8c84fa94-04c1-424b-9868-57a2d4851a1d" />
    <TestEntry testId="cc4d1cec-de72-ee89-ed85-80589faa70b0" executionId="3e6e9955-75ec-4fe2-91c5-9d6d847be798" testListId="8c84fa94-04c1-424b-9868-57a2d4851a1d" />
    <TestEntry testId="f6f444ca-fed1-7621-a628-1f74abe758eb" executionId="6f459ad0-dd6e-4c62-9085-487371c6a93c" testListId="8c84fa94-04c1-424b-9868-57a2d4851a1d" />
    <TestEntry testId="065c4a20-2b0a-682f-b8da-f2b152cf1514" executionId="ab61b160-7e13-428f-998d-947646fb1eae" testListId="8c84fa94-04c1-424b-9868-57a2d4851a1d" />
    <TestEntry testId="657d86e5-a038-228b-0fde-efdbec8be552" executionId="f080b64f-d3ab-4967-b979-2374bf73752b" testListId="8c84fa94-04c1-424b-9868-57a2d4851a1d" />
    <TestEntry testId="82173ef4-bd52-05a1-1492-538e76765e55" executionId="b9fa3e14-c03b-4f4b-91ba-8e45b71698f4" testListId="8c84fa94-04c1-424b-9868-57a2d4851a1d" />
    <TestEntry testId="71cef10a-77f6-1f5d-a676-2eb196ad532d" executionId="89dc80fd-691e-4bd3-b5ae-d2e2384b04bc" testListId="8c84fa94-04c1-424b-9868-57a2d4851a1d" />
    <TestEntry testId="135f5039-c95e-211c-c77b-9a3ed6df4e09" executionId="377a4e8d-09cf-43b0-9d5f-0f49605d807b" testListId="8c84fa94-04c1-424b-9868-57a2d4851a1d" />
    <TestEntry testId="b0244247-6fd0-f10f-c69f-102b9652a647" executionId="7ed4ae23-05c2-4ccc-9db8-961b92e547a2" testListId="8c84fa94-04c1-424b-9868-57a2d4851a1d" />
    <TestEntry testId="dd2711a5-c659-a7ce-e017-3d185c3cd7a5" executionId="28a511b4-b1bf-4d54-a5f4-ebec459c60c9" testListId="8c84fa94-04c1-424b-9868-57a2d4851a1d" />
    <TestEntry testId="7e6788b1-33e8-4e84-63eb-3fa080e2ef93" executionId="aa8d94ae-6193-4bcc-9c6f-1eb2b300d8b3" testListId="8c84fa94-04c1-424b-9868-57a2d4851a1d" />
    <TestEntry testId="dd7de16b-9717-2b88-13c0-f10252941e19" executionId="5189940a-a267-4762-8a4c-dc8320b46d6f" testListId="8c84fa94-04c1-424b-9868-57a2d4851a1d" />
    <TestEntry testId="350de137-2aa2-73bf-f36b-be668b5e6866" executionId="3f57863e-172a-471b-a1a8-ca686d8f44c7" testListId="8c84fa94-04c1-424b-9868-57a2d4851a1d" />
    <TestEntry testId="a732a5c4-1b3b-2d34-4b57-a855227ec039" executionId="056d8f50-d4e7-4918-b491-3660a3dab792" testListId="8c84fa94-04c1-424b-9868-57a2d4851a1d" />
    <TestEntry testId="0f55d918-8aef-282c-a954-54a4431e7f53" executionId="6bb0d7b7-8f20-47ff-97c0-09254111e528" testListId="8c84fa94-04c1-424b-9868-57a2d4851a1d" />
    <TestEntry testId="24baf345-ff73-7942-3e8c-dd66c4b7380e" executionId="3b608a38-aa12-4fe7-811e-ae83773c92e8" testListId="8c84fa94-04c1-424b-9868-57a2d4851a1d" />
    <TestEntry testId="1242633c-623c-9130-4d6c-982776562330" executionId="d6e9805f-cb35-4aa5-8a87-abed443d7c3c" testListId="8c84fa94-04c1-424b-9868-57a2d4851a1d" />
    <TestEntry testId="fcce482c-b6f5-49c2-a49f-b5893dd2d375" executionId="85e7d7fc-8576-4c29-9795-76a52b52018e" testListId="8c84fa94-04c1-424b-9868-57a2d4851a1d" />
  </TestEntries>
  <TestLists>
    <TestList name="Results Not in a List" id="8c84fa94-04c1-424b-9868-57a2d4851a1d" />
    <TestList name="All Loaded Results" id="19431567-8539-422a-85d7-44ee4e166bda" />
  </TestLists>
  <ResultSummary outcome="Completed">
    <Counters total="288" executed="287" passed="287" failed="0" error="0" timeout="0" aborted="0" inconclusive="0" passedButRunAborted="0" notRunnable="0" notExecuted="0" disconnected="0" warning="0" completed="0" inProgress="0" pending="0" />
    <Output>
      <StdOut>[xUnit.net 00:00:00.00] xUnit.net VSTest Adapter v2.8.2+699d445a1a (64-bit .NET 9.0.14)&#xD;
[xUnit.net 00:00:00.31]   Discovering: CobolSharp.Tests.Integration&#xD;
[xUnit.net 00:00:00.33]   Discovered:  CobolSharp.Tests.Integration&#xD;
[xUnit.net 00:00:00.33]   Starting:    CobolSharp.Tests.Integration&#xD;
[xUnit.net 00:00:01.11]       COBOL-2002: general arithmetic in subscripts not valid in COBOL-85&#xD;
Test 'CobolSharp.Tests.Integration.SubscriptRefModTests.Subscript_ExpressionSubscript_Multiplication' was skipped in the test run.&#xD;
[xUnit.net 00:00:03.57]   Finished:    CobolSharp.Tests.Integration&#xD;
</StdOut>
    </Output>
    <RunInfos>
      <RunInfo computerName="COLOSSUS" outcome="Warning" timestamp="2026-03-30T20:21:11.9125416-07:00">
        <Text>[xUnit.net 00:00:01.11]     CobolSharp.Tests.Integration.SubscriptRefModTests.Subscript_ExpressionSubscript_Multiplication [SKIP]</Text>
      </RunInfo>
    </RunInfos>
  </ResultSummary>
</TestRun>